2024-04-04 10:38:14 [restartedMain] INFO  pissir.watermanager.WaterManagerApplication - Starting WaterManagerApplication using Java 17.0.10 with PID 85999 (/Users/alessandrogattico/Desktop/water/pissir/WaterManager/target/classes started by alessandrogattico in /Users/alessandrogattico/Desktop/water/pissir)
2024-04-04 10:38:14 [restartedMain] INFO  pissir.watermanager.WaterManagerApplication - No active profile set, falling back to 1 default profile: "default"
2024-04-04 10:38:17 [restartedMain] INFO  pissir.watermanager.WaterManagerApplication - Started WaterManagerApplication in 3.35 seconds (process running for 4.806)
2024-04-04 10:38:34 [http-nio-8080-exec-1] INFO  pissir.watermanager.security.controller.AuthenticationController - User | login | admin
2024-04-04 10:38:35 [http-nio-8080-exec-1] INFO  pissir.watermanager.dao.DaoUser - Esecuzione della query per ottenere l'utente con username: admin
2024-04-04 10:38:35 [http-nio-8080-exec-2] INFO  pissir.watermanager.controller.ControllerAdmin - Admin | login
2024-04-04 10:38:35 [http-nio-8080-exec-2] INFO  pissir.watermanager.dao.DaoUser - Esecuzione della query per ottenere admin con ID: 1
2024-04-04 10:38:35 [http-nio-8080-exec-2] INFO  pissir.watermanager.controller.ControllerAdmin - Admin | login | concesso
2024-04-04 10:38:35 [http-nio-8080-exec-3] INFO  pissir.watermanager.controller.ControllerAdmin - Admin | get | count
2024-04-04 10:38:35 [http-nio-8080-exec-3] INFO  pissir.watermanager.controller.ControllerAdmin - Admin | get | count | concesso
2024-04-04 10:38:38 [http-nio-8080-exec-4] INFO  pissir.watermanager.dao.DaoUtils - Inizio della procedura di recupero dei raccolti dal database
2024-04-04 10:38:38 [http-nio-8080-exec-4] INFO  pissir.watermanager.dao.DaoUtils - Trovati 12 raccolti
2024-04-04 10:38:41 [http-nio-8080-exec-7] INFO  pissir.watermanager.dao.DaoUtils - Inizio della procedura di recupero dei raccolti dal database
2024-04-04 10:38:41 [http-nio-8080-exec-7] INFO  pissir.watermanager.dao.DaoUtils - Trovati 12 raccolti
2024-04-04 10:39:03 [http-nio-8080-exec-10] INFO  pissir.watermanager.security.controller.AuthenticationController - User | login | micio
2024-04-04 10:39:03 [http-nio-8080-exec-10] INFO  pissir.watermanager.dao.DaoUser - Esecuzione della query per ottenere l'utente con username: micio
2024-04-04 10:39:03 [http-nio-8080-exec-1] INFO  pissir.watermanager.dao.DaoUser - Esecuzione della query per ottenere il gestore azienda con ID: 2
2024-04-04 10:39:03 [http-nio-8080-exec-1] INFO  pissir.watermanager.dao.DaoAzienda - Esecuzione della query per ottenere l'azienda con ID gestore: 2
2024-04-04 10:39:03 [http-nio-8080-exec-1] INFO  pissir.watermanager.dao.DaoAzienda - Azienda micio's azienda trovata per il gestore con ID 2
2024-04-04 10:39:03 [http-nio-8080-exec-1] INFO  pissir.watermanager.dao.DaoRisorseAzienda - Esecuzione della query per ottenere lo storico delle risorse idriche aziendali con ID azienda: 2
2024-04-04 10:39:03 [http-nio-8080-exec-1] INFO  pissir.watermanager.dao.DaoRichieste - Esecuzione della query per ottenere le richieste dell'azienda con nome: micio's azienda
2024-04-04 10:39:03 [http-nio-8080-exec-1] INFO  pissir.watermanager.dao.DaoRichieste - Nessuna misura trovata per il sensore con ID: micio's azienda
2024-04-04 10:39:03 [http-nio-8080-exec-1] INFO  pissir.watermanager.dao.DaoRisorseAzienda - Esecuzione della query per ottenere lo storico delle risorse idriche aziendali con ID azienda: 2
2024-04-04 10:39:03 [http-nio-8080-exec-1] INFO  pissir.watermanager.dao.DaoCampagna - Esecuzione della query per ottenere le campagne dell'azienda con ID: 2
2024-04-04 10:39:03 [http-nio-8080-exec-1] INFO  pissir.watermanager.dao.DaoCampagna - Trovate 1 campagne per l'azienda con ID: 2
2024-04-04 10:39:03 [http-nio-8080-exec-1] INFO  pissir.watermanager.dao.DaoCampo - Esecuzione della query per ottenere i campi della campagna con ID: 6
2024-04-04 10:39:03 [http-nio-8080-exec-1] INFO  pissir.watermanager.dao.DaoCampo - Trovati 1 campi per la campagna con ID: 6
2024-04-04 10:39:03 [http-nio-8080-exec-1] INFO  pissir.watermanager.dao.DaoColtivazione - Esecuzione della query per ottenere le coltivazioni del campo con ID: 7
2024-04-04 10:39:03 [http-nio-8080-exec-1] INFO  pissir.watermanager.dao.DaoColtivazione - Nessuna coltivazione trovata per il campo con ID: 7
2024-04-04 10:39:03 [http-nio-8080-exec-1] INFO  pissir.watermanager.dao.DaoAttuatore - Recupero degli attuatori per il campo con ID 7
2024-04-04 10:39:03 [http-nio-8080-exec-1] INFO  pissir.watermanager.dao.DaoAttuatore - Numero di attuatori trovati: 1
2024-04-04 10:39:03 [http-nio-8080-exec-1] INFO  pissir.watermanager.dao.DaoAttivazioni - Recupero attivazioni per attuatore con ID 6
2024-04-04 10:39:03 [http-nio-8080-exec-1] INFO  pissir.watermanager.dao.DaoSensore - Esecuzione della query per ottenere i sensori del campo con ID 7
2024-04-04 10:39:03 [http-nio-8080-exec-1] INFO  pissir.watermanager.dao.DaoSensore - Esecuzione della query per ottenere i sensori del campo con ID 7
2024-04-04 10:39:03 [http-nio-8080-exec-2] INFO  pissir.watermanager.dao.DaoUser - Esecuzione della query per ottenere il gestore azienda con ID: 2
2024-04-04 10:39:03 [http-nio-8080-exec-2] INFO  pissir.watermanager.dao.DaoAzienda - Esecuzione della query per ottenere l'azienda con ID gestore: 2
2024-04-04 10:39:03 [http-nio-8080-exec-2] INFO  pissir.watermanager.dao.DaoAzienda - Azienda micio's azienda trovata per il gestore con ID 2
2024-04-04 10:39:03 [http-nio-8080-exec-2] INFO  pissir.watermanager.dao.DaoRisorseAzienda - Esecuzione della query per ottenere lo storico delle risorse idriche aziendali con ID azienda: 2
2024-04-04 10:39:03 [http-nio-8080-exec-2] INFO  pissir.watermanager.dao.DaoRichieste - Esecuzione della query per ottenere le richieste dell'azienda con nome: micio's azienda
2024-04-04 10:39:03 [http-nio-8080-exec-2] INFO  pissir.watermanager.dao.DaoRichieste - Nessuna misura trovata per il sensore con ID: micio's azienda
2024-04-04 10:39:03 [http-nio-8080-exec-2] INFO  pissir.watermanager.dao.DaoRisorseAzienda - Esecuzione della query per ottenere lo storico delle risorse idriche aziendali con ID azienda: 2
2024-04-04 10:39:03 [http-nio-8080-exec-2] INFO  pissir.watermanager.dao.DaoCampagna - Esecuzione della query per ottenere le campagne dell'azienda con ID: 2
2024-04-04 10:39:03 [http-nio-8080-exec-2] INFO  pissir.watermanager.dao.DaoCampagna - Trovate 1 campagne per l'azienda con ID: 2
2024-04-04 10:39:03 [http-nio-8080-exec-2] INFO  pissir.watermanager.dao.DaoCampo - Esecuzione della query per ottenere i campi della campagna con ID: 6
2024-04-04 10:39:03 [http-nio-8080-exec-2] INFO  pissir.watermanager.dao.DaoCampo - Trovati 1 campi per la campagna con ID: 6
2024-04-04 10:39:03 [http-nio-8080-exec-2] INFO  pissir.watermanager.dao.DaoColtivazione - Esecuzione della query per ottenere le coltivazioni del campo con ID: 7
2024-04-04 10:39:03 [http-nio-8080-exec-2] INFO  pissir.watermanager.dao.DaoColtivazione - Nessuna coltivazione trovata per il campo con ID: 7
2024-04-04 10:39:03 [http-nio-8080-exec-2] INFO  pissir.watermanager.dao.DaoAttuatore - Recupero degli attuatori per il campo con ID 7
2024-04-04 10:39:03 [http-nio-8080-exec-2] INFO  pissir.watermanager.dao.DaoAttuatore - Numero di attuatori trovati: 1
2024-04-04 10:39:03 [http-nio-8080-exec-2] INFO  pissir.watermanager.dao.DaoAttivazioni - Recupero attivazioni per attuatore con ID 6
2024-04-04 10:39:03 [http-nio-8080-exec-2] INFO  pissir.watermanager.dao.DaoSensore - Esecuzione della query per ottenere i sensori del campo con ID 7
2024-04-04 10:39:03 [http-nio-8080-exec-2] INFO  pissir.watermanager.dao.DaoSensore - Esecuzione della query per ottenere i sensori del campo con ID 7
2024-04-04 10:39:12 [http-nio-8080-exec-3] INFO  pissir.watermanager.security.controller.AuthenticationController - User | login | admin
2024-04-04 10:39:12 [http-nio-8080-exec-3] INFO  pissir.watermanager.dao.DaoUser - Esecuzione della query per ottenere l'utente con username: admin
2024-04-04 10:39:12 [http-nio-8080-exec-4] INFO  pissir.watermanager.controller.ControllerAdmin - Admin | login
2024-04-04 10:39:12 [http-nio-8080-exec-4] INFO  pissir.watermanager.dao.DaoUser - Esecuzione della query per ottenere admin con ID: 1
2024-04-04 10:39:12 [http-nio-8080-exec-4] INFO  pissir.watermanager.controller.ControllerAdmin - Admin | login | concesso
2024-04-04 10:39:12 [http-nio-8080-exec-5] INFO  pissir.watermanager.controller.ControllerAdmin - Admin | get | count
2024-04-04 10:39:12 [http-nio-8080-exec-5] INFO  pissir.watermanager.controller.ControllerAdmin - Admin | get | count | concesso
2024-04-04 10:39:16 [http-nio-8080-exec-6] INFO  pissir.watermanager.controller.ControllerAdmin - Admin | get | gestori azienda
2024-04-04 10:39:16 [http-nio-8080-exec-6] INFO  pissir.watermanager.dao.DaoUser - Esecuzione della query per ottenere i gestori azienda
2024-04-04 10:39:16 [http-nio-8080-exec-6] INFO  pissir.watermanager.dao.DaoUser - Trovati 3 gestori azienda
2024-04-04 10:39:16 [http-nio-8080-exec-6] INFO  pissir.watermanager.controller.ControllerAdmin - Admin | get | gestori azienda | concesso
2024-04-04 10:39:59 [http-nio-8080-exec-8] INFO  pissir.watermanager.controller.ControllerAdmin - Admin | get | gestori azienda
2024-04-04 10:39:59 [http-nio-8080-exec-8] INFO  pissir.watermanager.dao.DaoUser - Esecuzione della query per ottenere i gestori azienda
2024-04-04 10:39:59 [http-nio-8080-exec-8] INFO  pissir.watermanager.dao.DaoUser - Trovati 3 gestori azienda
2024-04-04 10:39:59 [http-nio-8080-exec-8] INFO  pissir.watermanager.controller.ControllerAdmin - Admin | get | gestori azienda | concesso
2024-04-04 10:39:59 [http-nio-8080-exec-9] INFO  pissir.watermanager.controller.ControllerAdmin - Admin | get | gestori idrici
2024-04-04 10:39:59 [http-nio-8080-exec-9] INFO  pissir.watermanager.dao.DaoUser - Esecuzione della query per ottenere i gestori idrici
2024-04-04 10:39:59 [http-nio-8080-exec-9] INFO  pissir.watermanager.dao.DaoUser - Trovati 2 gestori idrici
2024-04-04 10:39:59 [http-nio-8080-exec-9] INFO  pissir.watermanager.controller.ControllerAdmin - Admin | get | gestori idrici | concesso
2024-04-04 10:40:06 [http-nio-8080-exec-6] INFO  pissir.watermanager.controller.ControllerAdmin - Admin | get | campagne
2024-04-04 10:40:06 [http-nio-8080-exec-6] INFO  pissir.watermanager.controller.ControllerAdmin - Admin | get | campagne | concesso
2024-04-04 10:40:06 [http-nio-8080-exec-6] INFO  pissir.watermanager.dao.DaoCampagna - Esecuzione della query per ottenere tutte le campagne
2024-04-04 10:40:06 [http-nio-8080-exec-6] INFO  pissir.watermanager.dao.DaoCampagna - Trovate 1 campagne 
2024-04-04 10:40:07 [http-nio-8080-exec-7] INFO  pissir.watermanager.controller.ControllerAdmin - Admin | get | campi
2024-04-04 10:40:07 [http-nio-8080-exec-7] INFO  pissir.watermanager.controller.ControllerAdmin - Admin | get | campi | concesso
2024-04-04 10:40:07 [http-nio-8080-exec-7] INFO  pissir.watermanager.dao.DaoCampo - Recupero tutti i campi
2024-04-04 10:40:09 [http-nio-8080-exec-8] INFO  pissir.watermanager.controller.ControllerAdmin - Admin | get | campi
2024-04-04 10:40:09 [http-nio-8080-exec-8] INFO  pissir.watermanager.controller.ControllerAdmin - Admin | get | campi | concesso
2024-04-04 10:40:09 [http-nio-8080-exec-8] INFO  pissir.watermanager.dao.DaoCampo - Recupero tutti i campi
2024-04-04 10:40:09 [http-nio-8080-exec-9] INFO  pissir.watermanager.controller.ControllerAdmin - Admin | get | campi
2024-04-04 10:40:09 [http-nio-8080-exec-9] INFO  pissir.watermanager.controller.ControllerAdmin - Admin | get | campi | concesso
2024-04-04 10:40:09 [http-nio-8080-exec-9] INFO  pissir.watermanager.dao.DaoCampo - Recupero tutti i campi
2024-04-04 10:40:09 [http-nio-8080-exec-10] INFO  pissir.watermanager.controller.ControllerAdmin - Admin | get | campi
2024-04-04 10:40:09 [http-nio-8080-exec-10] INFO  pissir.watermanager.controller.ControllerAdmin - Admin | get | campi | concesso
2024-04-04 10:40:09 [http-nio-8080-exec-10] INFO  pissir.watermanager.dao.DaoCampo - Recupero tutti i campi
2024-04-04 10:40:10 [http-nio-8080-exec-1] INFO  pissir.watermanager.controller.ControllerAdmin - Admin | get | campi
2024-04-04 10:40:10 [http-nio-8080-exec-1] INFO  pissir.watermanager.controller.ControllerAdmin - Admin | get | campi | concesso
2024-04-04 10:40:10 [http-nio-8080-exec-1] INFO  pissir.watermanager.dao.DaoCampo - Recupero tutti i campi
2024-04-04 10:40:10 [http-nio-8080-exec-3] INFO  pissir.watermanager.controller.ControllerAdmin - Admin | get | campi
2024-04-04 10:40:10 [http-nio-8080-exec-3] INFO  pissir.watermanager.controller.ControllerAdmin - Admin | get | campi | concesso
2024-04-04 10:40:10 [http-nio-8080-exec-3] INFO  pissir.watermanager.dao.DaoCampo - Recupero tutti i campi
2024-04-04 10:40:10 [http-nio-8080-exec-2] INFO  pissir.watermanager.controller.ControllerAdmin - Admin | get | campi
2024-04-04 10:40:10 [http-nio-8080-exec-2] INFO  pissir.watermanager.controller.ControllerAdmin - Admin | get | campi | concesso
2024-04-04 10:40:10 [http-nio-8080-exec-2] INFO  pissir.watermanager.dao.DaoCampo - Recupero tutti i campi
