2024-04-02 12:07:15 [restartedMain] INFO  pissir.watermanager.WaterManagerApplication - Starting WaterManagerApplication using Java 17.0.10 with PID 76284 (/Users/alessandrogattico/Desktop/water/pissir/WaterManager/target/classes started by alessandrogattico in /Users/alessandrogattico/Desktop/water/pissir)
2024-04-02 12:07:15 [restartedMain] INFO  pissir.watermanager.WaterManagerApplication - No active profile set, falling back to 1 default profile: "default"
2024-04-02 12:07:19 [restartedMain] INFO  pissir.watermanager.WaterManagerApplication - Started WaterManagerApplication in 4.316 seconds (process running for 6.509)
2024-04-02 12:07:25 [http-nio-8080-exec-1] INFO  pissir.watermanager.security.controller.AuthenticationController - User | login | micio
2024-04-02 12:07:26 [http-nio-8080-exec-1] INFO  pissir.watermanager.dao.DaoUser - Esecuzione della query per ottenere l'utente con username: micio
2024-04-02 12:07:26 [http-nio-8080-exec-2] INFO  pissir.watermanager.dao.DaoUser - Esecuzione della query per ottenere il gestore azienda con ID: 2
2024-04-02 12:07:26 [http-nio-8080-exec-2] INFO  pissir.watermanager.dao.DaoAzienda - Esecuzione della query per ottenere l'azienda con ID gestore: 2
2024-04-02 12:07:26 [http-nio-8080-exec-2] INFO  pissir.watermanager.dao.DaoAzienda - Azienda micio's azienda trovata per il gestore con ID 2
2024-04-02 12:07:26 [http-nio-8080-exec-2] INFO  pissir.watermanager.dao.DaoRisorseAzienda - Esecuzione della query per ottenere lo storico delle risorse idriche aziendali con ID azienda: 2
2024-04-02 12:07:26 [http-nio-8080-exec-2] INFO  pissir.watermanager.dao.DaoRichieste - Esecuzione della query per ottenere le richieste dell'azienda con nome: micio's azienda
2024-04-02 12:07:26 [http-nio-8080-exec-2] INFO  pissir.watermanager.dao.DaoRisorseAzienda - Esecuzione della query per ottenere lo storico delle risorse idriche aziendali con ID azienda: 2
2024-04-02 12:07:26 [http-nio-8080-exec-2] INFO  pissir.watermanager.dao.DaoCampagna - Esecuzione della query per ottenere le campagne dell'azienda con ID: 2
2024-04-02 12:07:26 [http-nio-8080-exec-2] INFO  pissir.watermanager.dao.DaoCampo - Esecuzione della query per ottenere i campi della campagna con ID: 6
2024-04-02 12:07:26 [http-nio-8080-exec-2] INFO  pissir.watermanager.dao.DaoColtivazione - Esecuzione della query per ottenere le coltivazioni del campo con ID: 7
2024-04-02 12:07:26 [http-nio-8080-exec-2] INFO  pissir.watermanager.dao.DaoColtivazione - Nessuna coltivazione trovata per il campo con ID: 7
2024-04-02 12:07:26 [http-nio-8080-exec-2] INFO  pissir.watermanager.dao.DaoAttuatore - Recupero degli attuatori per il campo con ID 7
2024-04-02 12:07:26 [http-nio-8080-exec-2] INFO  pissir.watermanager.dao.DaoAttuatore - Numero di attuatori trovati: 1
2024-04-02 12:07:26 [http-nio-8080-exec-2] INFO  pissir.watermanager.dao.DaoAttivazioni - Recupero attivazioni per attuatore con ID 6
2024-04-02 12:07:26 [http-nio-8080-exec-2] INFO  pissir.watermanager.dao.DaoSensore - Esecuzione della query per ottenere i sensori del campo con ID 7
2024-04-02 12:07:26 [http-nio-8080-exec-2] INFO  pissir.watermanager.dao.DaoSensore - Esecuzione della query per ottenere i sensori del campo con ID 7
2024-04-02 12:07:26 [http-nio-8080-exec-3] INFO  pissir.watermanager.dao.DaoUser - Esecuzione della query per ottenere il gestore azienda con ID: 2
2024-04-02 12:07:26 [http-nio-8080-exec-3] INFO  pissir.watermanager.dao.DaoAzienda - Esecuzione della query per ottenere l'azienda con ID gestore: 2
2024-04-02 12:07:26 [http-nio-8080-exec-3] INFO  pissir.watermanager.dao.DaoAzienda - Azienda micio's azienda trovata per il gestore con ID 2
2024-04-02 12:07:26 [http-nio-8080-exec-3] INFO  pissir.watermanager.dao.DaoRisorseAzienda - Esecuzione della query per ottenere lo storico delle risorse idriche aziendali con ID azienda: 2
2024-04-02 12:07:26 [http-nio-8080-exec-3] INFO  pissir.watermanager.dao.DaoRichieste - Esecuzione della query per ottenere le richieste dell'azienda con nome: micio's azienda
2024-04-02 12:07:26 [http-nio-8080-exec-3] INFO  pissir.watermanager.dao.DaoRisorseAzienda - Esecuzione della query per ottenere lo storico delle risorse idriche aziendali con ID azienda: 2
2024-04-02 12:07:26 [http-nio-8080-exec-3] INFO  pissir.watermanager.dao.DaoCampagna - Esecuzione della query per ottenere le campagne dell'azienda con ID: 2
2024-04-02 12:07:26 [http-nio-8080-exec-3] INFO  pissir.watermanager.dao.DaoCampo - Esecuzione della query per ottenere i campi della campagna con ID: 6
2024-04-02 12:07:26 [http-nio-8080-exec-3] INFO  pissir.watermanager.dao.DaoColtivazione - Esecuzione della query per ottenere le coltivazioni del campo con ID: 7
2024-04-02 12:07:26 [http-nio-8080-exec-3] INFO  pissir.watermanager.dao.DaoColtivazione - Nessuna coltivazione trovata per il campo con ID: 7
2024-04-02 12:07:26 [http-nio-8080-exec-3] INFO  pissir.watermanager.dao.DaoAttuatore - Recupero degli attuatori per il campo con ID 7
2024-04-02 12:07:26 [http-nio-8080-exec-3] INFO  pissir.watermanager.dao.DaoAttuatore - Numero di attuatori trovati: 1
2024-04-02 12:07:26 [http-nio-8080-exec-3] INFO  pissir.watermanager.dao.DaoAttivazioni - Recupero attivazioni per attuatore con ID 6
2024-04-02 12:07:26 [http-nio-8080-exec-3] INFO  pissir.watermanager.dao.DaoSensore - Esecuzione della query per ottenere i sensori del campo con ID 7
2024-04-02 12:07:26 [http-nio-8080-exec-3] INFO  pissir.watermanager.dao.DaoSensore - Esecuzione della query per ottenere i sensori del campo con ID 7
2024-04-02 12:07:29 [http-nio-8080-exec-4] INFO  pissir.watermanager.controller.ControllerAzienda - Azienda | get | 2
2024-04-02 12:07:29 [http-nio-8080-exec-4] INFO  pissir.watermanager.controller.ControllerAzienda - Azienda | get | 2 | concesso
2024-04-02 12:07:29 [http-nio-8080-exec-4] INFO  pissir.watermanager.dao.DaoAzienda - Esecuzione query per ottenere l'azienda con ID 2
2024-04-02 12:07:29 [http-nio-8080-exec-4] INFO  pissir.watermanager.dao.DaoAzienda - Azienda trovata: micio's azienda
2024-04-02 12:07:29 [http-nio-8080-exec-4] INFO  pissir.watermanager.dao.DaoCampagna - Esecuzione della query per ottenere le campagne dell'azienda con ID: 2
2024-04-02 12:07:29 [http-nio-8080-exec-4] INFO  pissir.watermanager.dao.DaoCampo - Esecuzione della query per ottenere i campi della campagna con ID: 6
2024-04-02 12:07:29 [http-nio-8080-exec-4] INFO  pissir.watermanager.dao.DaoColtivazione - Esecuzione della query per ottenere le coltivazioni del campo con ID: 7
2024-04-02 12:07:29 [http-nio-8080-exec-4] INFO  pissir.watermanager.dao.DaoColtivazione - Nessuna coltivazione trovata per il campo con ID: 7
2024-04-02 12:07:29 [http-nio-8080-exec-4] INFO  pissir.watermanager.dao.DaoAttuatore - Recupero degli attuatori per il campo con ID 7
2024-04-02 12:07:29 [http-nio-8080-exec-4] INFO  pissir.watermanager.dao.DaoAttuatore - Numero di attuatori trovati: 1
2024-04-02 12:07:29 [http-nio-8080-exec-4] INFO  pissir.watermanager.dao.DaoAttivazioni - Recupero attivazioni per attuatore con ID 6
2024-04-02 12:07:29 [http-nio-8080-exec-4] INFO  pissir.watermanager.dao.DaoSensore - Esecuzione della query per ottenere i sensori del campo con ID 7
2024-04-02 12:07:29 [http-nio-8080-exec-4] INFO  pissir.watermanager.dao.DaoSensore - Esecuzione della query per ottenere i sensori del campo con ID 7
2024-04-02 12:07:29 [http-nio-8080-exec-4] INFO  pissir.watermanager.dao.DaoRisorseAzienda - Esecuzione della query per ottenere lo storico delle risorse idriche aziendali con ID azienda: 2
2024-04-02 12:07:29 [http-nio-8080-exec-4] INFO  pissir.watermanager.dao.DaoRichieste - Esecuzione della query per ottenere le richieste dell'azienda con nome: micio's azienda
2024-04-02 12:07:30 [http-nio-8080-exec-5] INFO  pissir.watermanager.dao.DaoUser - Esecuzione della query per ottenere il gestore azienda con ID: 2
2024-04-02 12:07:30 [http-nio-8080-exec-5] INFO  pissir.watermanager.dao.DaoAzienda - Esecuzione della query per ottenere l'azienda con ID gestore: 2
2024-04-02 12:07:30 [http-nio-8080-exec-5] INFO  pissir.watermanager.dao.DaoAzienda - Azienda micio's azienda trovata per il gestore con ID 2
2024-04-02 12:07:30 [http-nio-8080-exec-5] INFO  pissir.watermanager.dao.DaoRisorseAzienda - Esecuzione della query per ottenere lo storico delle risorse idriche aziendali con ID azienda: 2
2024-04-02 12:07:30 [http-nio-8080-exec-5] INFO  pissir.watermanager.dao.DaoRichieste - Esecuzione della query per ottenere le richieste dell'azienda con nome: micio's azienda
2024-04-02 12:07:30 [http-nio-8080-exec-5] INFO  pissir.watermanager.dao.DaoRisorseAzienda - Esecuzione della query per ottenere lo storico delle risorse idriche aziendali con ID azienda: 2
2024-04-02 12:07:30 [http-nio-8080-exec-5] INFO  pissir.watermanager.dao.DaoCampagna - Esecuzione della query per ottenere le campagne dell'azienda con ID: 2
2024-04-02 12:07:30 [http-nio-8080-exec-5] INFO  pissir.watermanager.dao.DaoCampo - Esecuzione della query per ottenere i campi della campagna con ID: 6
2024-04-02 12:07:30 [http-nio-8080-exec-5] INFO  pissir.watermanager.dao.DaoColtivazione - Esecuzione della query per ottenere le coltivazioni del campo con ID: 7
2024-04-02 12:07:30 [http-nio-8080-exec-5] INFO  pissir.watermanager.dao.DaoColtivazione - Nessuna coltivazione trovata per il campo con ID: 7
2024-04-02 12:07:30 [http-nio-8080-exec-5] INFO  pissir.watermanager.dao.DaoAttuatore - Recupero degli attuatori per il campo con ID 7
2024-04-02 12:07:30 [http-nio-8080-exec-5] INFO  pissir.watermanager.dao.DaoAttuatore - Numero di attuatori trovati: 1
2024-04-02 12:07:30 [http-nio-8080-exec-5] INFO  pissir.watermanager.dao.DaoAttivazioni - Recupero attivazioni per attuatore con ID 6
2024-04-02 12:07:30 [http-nio-8080-exec-5] INFO  pissir.watermanager.dao.DaoSensore - Esecuzione della query per ottenere i sensori del campo con ID 7
2024-04-02 12:07:30 [http-nio-8080-exec-5] INFO  pissir.watermanager.dao.DaoSensore - Esecuzione della query per ottenere i sensori del campo con ID 7
2024-04-02 12:07:31 [http-nio-8080-exec-6] INFO  pissir.watermanager.controller.ControllerAzienda - Azienda | get | 2
2024-04-02 12:07:31 [http-nio-8080-exec-6] INFO  pissir.watermanager.controller.ControllerAzienda - Azienda | get | 2 | concesso
2024-04-02 12:07:31 [http-nio-8080-exec-6] INFO  pissir.watermanager.dao.DaoAzienda - Esecuzione query per ottenere l'azienda con ID 2
2024-04-02 12:07:31 [http-nio-8080-exec-6] INFO  pissir.watermanager.dao.DaoAzienda - Azienda trovata: micio's azienda
2024-04-02 12:07:31 [http-nio-8080-exec-6] INFO  pissir.watermanager.dao.DaoCampagna - Esecuzione della query per ottenere le campagne dell'azienda con ID: 2
2024-04-02 12:07:31 [http-nio-8080-exec-6] INFO  pissir.watermanager.dao.DaoCampo - Esecuzione della query per ottenere i campi della campagna con ID: 6
2024-04-02 12:07:31 [http-nio-8080-exec-6] INFO  pissir.watermanager.dao.DaoColtivazione - Esecuzione della query per ottenere le coltivazioni del campo con ID: 7
2024-04-02 12:07:31 [http-nio-8080-exec-6] INFO  pissir.watermanager.dao.DaoColtivazione - Nessuna coltivazione trovata per il campo con ID: 7
2024-04-02 12:07:31 [http-nio-8080-exec-6] INFO  pissir.watermanager.dao.DaoAttuatore - Recupero degli attuatori per il campo con ID 7
2024-04-02 12:07:31 [http-nio-8080-exec-6] INFO  pissir.watermanager.dao.DaoAttuatore - Numero di attuatori trovati: 1
2024-04-02 12:07:31 [http-nio-8080-exec-6] INFO  pissir.watermanager.dao.DaoAttivazioni - Recupero attivazioni per attuatore con ID 6
2024-04-02 12:07:31 [http-nio-8080-exec-6] INFO  pissir.watermanager.dao.DaoSensore - Esecuzione della query per ottenere i sensori del campo con ID 7
2024-04-02 12:07:31 [http-nio-8080-exec-6] INFO  pissir.watermanager.dao.DaoSensore - Esecuzione della query per ottenere i sensori del campo con ID 7
2024-04-02 12:07:31 [http-nio-8080-exec-6] INFO  pissir.watermanager.dao.DaoRisorseAzienda - Esecuzione della query per ottenere lo storico delle risorse idriche aziendali con ID azienda: 2
2024-04-02 12:07:31 [http-nio-8080-exec-6] INFO  pissir.watermanager.dao.DaoRichieste - Esecuzione della query per ottenere le richieste dell'azienda con nome: micio's azienda
2024-04-02 12:07:32 [http-nio-8080-exec-7] INFO  pissir.watermanager.dao.DaoUser - Esecuzione della query per ottenere il gestore azienda con ID: 2
2024-04-02 12:07:32 [http-nio-8080-exec-7] INFO  pissir.watermanager.dao.DaoAzienda - Esecuzione della query per ottenere l'azienda con ID gestore: 2
2024-04-02 12:07:32 [http-nio-8080-exec-7] INFO  pissir.watermanager.dao.DaoAzienda - Azienda micio's azienda trovata per il gestore con ID 2
2024-04-02 12:07:32 [http-nio-8080-exec-7] INFO  pissir.watermanager.dao.DaoRisorseAzienda - Esecuzione della query per ottenere lo storico delle risorse idriche aziendali con ID azienda: 2
2024-04-02 12:07:32 [http-nio-8080-exec-7] INFO  pissir.watermanager.dao.DaoRichieste - Esecuzione della query per ottenere le richieste dell'azienda con nome: micio's azienda
2024-04-02 12:07:32 [http-nio-8080-exec-7] INFO  pissir.watermanager.dao.DaoRisorseAzienda - Esecuzione della query per ottenere lo storico delle risorse idriche aziendali con ID azienda: 2
2024-04-02 12:07:32 [http-nio-8080-exec-7] INFO  pissir.watermanager.dao.DaoCampagna - Esecuzione della query per ottenere le campagne dell'azienda con ID: 2
2024-04-02 12:07:32 [http-nio-8080-exec-7] INFO  pissir.watermanager.dao.DaoCampo - Esecuzione della query per ottenere i campi della campagna con ID: 6
2024-04-02 12:07:32 [http-nio-8080-exec-7] INFO  pissir.watermanager.dao.DaoColtivazione - Esecuzione della query per ottenere le coltivazioni del campo con ID: 7
2024-04-02 12:07:32 [http-nio-8080-exec-7] INFO  pissir.watermanager.dao.DaoColtivazione - Nessuna coltivazione trovata per il campo con ID: 7
2024-04-02 12:07:32 [http-nio-8080-exec-7] INFO  pissir.watermanager.dao.DaoAttuatore - Recupero degli attuatori per il campo con ID 7
2024-04-02 12:07:32 [http-nio-8080-exec-7] INFO  pissir.watermanager.dao.DaoAttuatore - Numero di attuatori trovati: 1
2024-04-02 12:07:32 [http-nio-8080-exec-7] INFO  pissir.watermanager.dao.DaoAttivazioni - Recupero attivazioni per attuatore con ID 6
2024-04-02 12:07:32 [http-nio-8080-exec-7] INFO  pissir.watermanager.dao.DaoSensore - Esecuzione della query per ottenere i sensori del campo con ID 7
2024-04-02 12:07:32 [http-nio-8080-exec-7] INFO  pissir.watermanager.dao.DaoSensore - Esecuzione della query per ottenere i sensori del campo con ID 7
2024-04-02 12:07:34 [http-nio-8080-exec-8] INFO  pissir.watermanager.controller.ControllerAzienda - Azienda | get | 2
2024-04-02 12:07:34 [http-nio-8080-exec-8] INFO  pissir.watermanager.controller.ControllerAzienda - Azienda | get | 2 | concesso
2024-04-02 12:07:34 [http-nio-8080-exec-8] INFO  pissir.watermanager.dao.DaoAzienda - Esecuzione query per ottenere l'azienda con ID 2
2024-04-02 12:07:34 [http-nio-8080-exec-8] INFO  pissir.watermanager.dao.DaoAzienda - Azienda trovata: micio's azienda
2024-04-02 12:07:34 [http-nio-8080-exec-8] INFO  pissir.watermanager.dao.DaoCampagna - Esecuzione della query per ottenere le campagne dell'azienda con ID: 2
2024-04-02 12:07:34 [http-nio-8080-exec-8] INFO  pissir.watermanager.dao.DaoCampo - Esecuzione della query per ottenere i campi della campagna con ID: 6
2024-04-02 12:07:34 [http-nio-8080-exec-8] INFO  pissir.watermanager.dao.DaoColtivazione - Esecuzione della query per ottenere le coltivazioni del campo con ID: 7
2024-04-02 12:07:34 [http-nio-8080-exec-8] INFO  pissir.watermanager.dao.DaoColtivazione - Nessuna coltivazione trovata per il campo con ID: 7
2024-04-02 12:07:34 [http-nio-8080-exec-8] INFO  pissir.watermanager.dao.DaoAttuatore - Recupero degli attuatori per il campo con ID 7
2024-04-02 12:07:34 [http-nio-8080-exec-8] INFO  pissir.watermanager.dao.DaoAttuatore - Numero di attuatori trovati: 1
2024-04-02 12:07:34 [http-nio-8080-exec-8] INFO  pissir.watermanager.dao.DaoAttivazioni - Recupero attivazioni per attuatore con ID 6
2024-04-02 12:07:34 [http-nio-8080-exec-8] INFO  pissir.watermanager.dao.DaoSensore - Esecuzione della query per ottenere i sensori del campo con ID 7
2024-04-02 12:07:34 [http-nio-8080-exec-8] INFO  pissir.watermanager.dao.DaoSensore - Esecuzione della query per ottenere i sensori del campo con ID 7
2024-04-02 12:07:34 [http-nio-8080-exec-8] INFO  pissir.watermanager.dao.DaoRisorseAzienda - Esecuzione della query per ottenere lo storico delle risorse idriche aziendali con ID azienda: 2
2024-04-02 12:07:34 [http-nio-8080-exec-8] INFO  pissir.watermanager.dao.DaoRichieste - Esecuzione della query per ottenere le richieste dell'azienda con nome: micio's azienda
2024-04-02 12:07:35 [http-nio-8080-exec-9] INFO  pissir.watermanager.controller.ControllerAzienda - Azienda | get | 2
2024-04-02 12:07:35 [http-nio-8080-exec-9] INFO  pissir.watermanager.controller.ControllerAzienda - Azienda | get | 2 | concesso
2024-04-02 12:07:35 [http-nio-8080-exec-9] INFO  pissir.watermanager.dao.DaoAzienda - Esecuzione query per ottenere l'azienda con ID 2
2024-04-02 12:07:35 [http-nio-8080-exec-9] INFO  pissir.watermanager.dao.DaoAzienda - Azienda trovata: micio's azienda
2024-04-02 12:07:35 [http-nio-8080-exec-9] INFO  pissir.watermanager.dao.DaoCampagna - Esecuzione della query per ottenere le campagne dell'azienda con ID: 2
2024-04-02 12:07:35 [http-nio-8080-exec-9] INFO  pissir.watermanager.dao.DaoCampo - Esecuzione della query per ottenere i campi della campagna con ID: 6
2024-04-02 12:07:35 [http-nio-8080-exec-9] INFO  pissir.watermanager.dao.DaoColtivazione - Esecuzione della query per ottenere le coltivazioni del campo con ID: 7
2024-04-02 12:07:35 [http-nio-8080-exec-9] INFO  pissir.watermanager.dao.DaoColtivazione - Nessuna coltivazione trovata per il campo con ID: 7
2024-04-02 12:07:35 [http-nio-8080-exec-9] INFO  pissir.watermanager.dao.DaoAttuatore - Recupero degli attuatori per il campo con ID 7
2024-04-02 12:07:35 [http-nio-8080-exec-9] INFO  pissir.watermanager.dao.DaoAttuatore - Numero di attuatori trovati: 1
2024-04-02 12:07:35 [http-nio-8080-exec-9] INFO  pissir.watermanager.dao.DaoAttivazioni - Recupero attivazioni per attuatore con ID 6
2024-04-02 12:07:35 [http-nio-8080-exec-9] INFO  pissir.watermanager.dao.DaoSensore - Esecuzione della query per ottenere i sensori del campo con ID 7
2024-04-02 12:07:35 [http-nio-8080-exec-9] INFO  pissir.watermanager.dao.DaoSensore - Esecuzione della query per ottenere i sensori del campo con ID 7
2024-04-02 12:07:35 [http-nio-8080-exec-9] INFO  pissir.watermanager.dao.DaoRisorseAzienda - Esecuzione della query per ottenere lo storico delle risorse idriche aziendali con ID azienda: 2
2024-04-02 12:07:35 [http-nio-8080-exec-9] INFO  pissir.watermanager.dao.DaoRichieste - Esecuzione della query per ottenere le richieste dell'azienda con nome: micio's azienda
2024-04-02 12:07:37 [http-nio-8080-exec-10] INFO  pissir.watermanager.dao.DaoCampo - Inizio della query per ottenere il campo con ID: 7
2024-04-02 12:07:37 [http-nio-8080-exec-10] INFO  pissir.watermanager.dao.DaoCampo - Nessun campo trovato con ID: 7
2024-04-02 12:07:41 [http-nio-8080-exec-1] INFO  pissir.watermanager.controller.ControllerAzienda - Azienda | get | 2
2024-04-02 12:07:41 [http-nio-8080-exec-1] INFO  pissir.watermanager.controller.ControllerAzienda - Azienda | get | 2 | concesso
2024-04-02 12:07:41 [http-nio-8080-exec-1] INFO  pissir.watermanager.dao.DaoAzienda - Esecuzione query per ottenere l'azienda con ID 2
2024-04-02 12:07:41 [http-nio-8080-exec-1] INFO  pissir.watermanager.dao.DaoAzienda - Azienda trovata: micio's azienda
2024-04-02 12:07:41 [http-nio-8080-exec-1] INFO  pissir.watermanager.dao.DaoCampagna - Esecuzione della query per ottenere le campagne dell'azienda con ID: 2
2024-04-02 12:07:41 [http-nio-8080-exec-1] INFO  pissir.watermanager.dao.DaoCampo - Esecuzione della query per ottenere i campi della campagna con ID: 6
2024-04-02 12:07:41 [http-nio-8080-exec-1] INFO  pissir.watermanager.dao.DaoColtivazione - Esecuzione della query per ottenere le coltivazioni del campo con ID: 7
2024-04-02 12:07:41 [http-nio-8080-exec-1] INFO  pissir.watermanager.dao.DaoColtivazione - Nessuna coltivazione trovata per il campo con ID: 7
2024-04-02 12:07:41 [http-nio-8080-exec-1] INFO  pissir.watermanager.dao.DaoAttuatore - Recupero degli attuatori per il campo con ID 7
2024-04-02 12:07:41 [http-nio-8080-exec-1] INFO  pissir.watermanager.dao.DaoAttuatore - Numero di attuatori trovati: 1
2024-04-02 12:07:41 [http-nio-8080-exec-1] INFO  pissir.watermanager.dao.DaoAttivazioni - Recupero attivazioni per attuatore con ID 6
2024-04-02 12:07:41 [http-nio-8080-exec-1] INFO  pissir.watermanager.dao.DaoSensore - Esecuzione della query per ottenere i sensori del campo con ID 7
2024-04-02 12:07:41 [http-nio-8080-exec-1] INFO  pissir.watermanager.dao.DaoSensore - Esecuzione della query per ottenere i sensori del campo con ID 7
2024-04-02 12:07:41 [http-nio-8080-exec-1] INFO  pissir.watermanager.dao.DaoRisorseAzienda - Esecuzione della query per ottenere lo storico delle risorse idriche aziendali con ID azienda: 2
2024-04-02 12:07:41 [http-nio-8080-exec-1] INFO  pissir.watermanager.dao.DaoRichieste - Esecuzione della query per ottenere le richieste dell'azienda con nome: micio's azienda
2024-04-02 12:07:42 [http-nio-8080-exec-2] INFO  pissir.watermanager.dao.DaoCampo - Inizio della query per ottenere il campo con ID: 7
2024-04-02 12:07:42 [http-nio-8080-exec-2] INFO  pissir.watermanager.dao.DaoCampo - Nessun campo trovato con ID: 7
2024-04-02 12:07:49 [http-nio-8080-exec-3] INFO  pissir.watermanager.controller.ControllerAzienda - Azienda | get | 2
2024-04-02 12:07:49 [http-nio-8080-exec-3] INFO  pissir.watermanager.controller.ControllerAzienda - Azienda | get | 2 | concesso
2024-04-02 12:07:49 [http-nio-8080-exec-3] INFO  pissir.watermanager.dao.DaoAzienda - Esecuzione query per ottenere l'azienda con ID 2
2024-04-02 12:07:49 [http-nio-8080-exec-3] INFO  pissir.watermanager.dao.DaoAzienda - Azienda trovata: micio's azienda
2024-04-02 12:07:49 [http-nio-8080-exec-3] INFO  pissir.watermanager.dao.DaoCampagna - Esecuzione della query per ottenere le campagne dell'azienda con ID: 2
2024-04-02 12:07:49 [http-nio-8080-exec-3] INFO  pissir.watermanager.dao.DaoCampo - Esecuzione della query per ottenere i campi della campagna con ID: 6
2024-04-02 12:07:49 [http-nio-8080-exec-3] INFO  pissir.watermanager.dao.DaoColtivazione - Esecuzione della query per ottenere le coltivazioni del campo con ID: 7
2024-04-02 12:07:49 [http-nio-8080-exec-3] INFO  pissir.watermanager.dao.DaoColtivazione - Nessuna coltivazione trovata per il campo con ID: 7
2024-04-02 12:07:49 [http-nio-8080-exec-3] INFO  pissir.watermanager.dao.DaoAttuatore - Recupero degli attuatori per il campo con ID 7
2024-04-02 12:07:49 [http-nio-8080-exec-3] INFO  pissir.watermanager.dao.DaoAttuatore - Numero di attuatori trovati: 1
2024-04-02 12:07:49 [http-nio-8080-exec-3] INFO  pissir.watermanager.dao.DaoAttivazioni - Recupero attivazioni per attuatore con ID 6
2024-04-02 12:07:49 [http-nio-8080-exec-3] INFO  pissir.watermanager.dao.DaoSensore - Esecuzione della query per ottenere i sensori del campo con ID 7
2024-04-02 12:07:49 [http-nio-8080-exec-3] INFO  pissir.watermanager.dao.DaoSensore - Esecuzione della query per ottenere i sensori del campo con ID 7
2024-04-02 12:07:49 [http-nio-8080-exec-3] INFO  pissir.watermanager.dao.DaoRisorseAzienda - Esecuzione della query per ottenere lo storico delle risorse idriche aziendali con ID azienda: 2
2024-04-02 12:07:49 [http-nio-8080-exec-3] INFO  pissir.watermanager.dao.DaoRichieste - Esecuzione della query per ottenere le richieste dell'azienda con nome: micio's azienda
2024-04-02 12:10:15 [http-nio-8080-exec-6] INFO  pissir.watermanager.dao.DaoUser - Esecuzione della query per ottenere il gestore azienda con ID: 2
2024-04-02 12:10:15 [http-nio-8080-exec-6] INFO  pissir.watermanager.dao.DaoAzienda - Esecuzione della query per ottenere l'azienda con ID gestore: 2
2024-04-02 12:10:15 [http-nio-8080-exec-6] INFO  pissir.watermanager.dao.DaoAzienda - Azienda micio's azienda trovata per il gestore con ID 2
2024-04-02 12:10:15 [http-nio-8080-exec-6] INFO  pissir.watermanager.dao.DaoRisorseAzienda - Esecuzione della query per ottenere lo storico delle risorse idriche aziendali con ID azienda: 2
2024-04-02 12:10:15 [http-nio-8080-exec-6] INFO  pissir.watermanager.dao.DaoRichieste - Esecuzione della query per ottenere le richieste dell'azienda con nome: micio's azienda
2024-04-02 12:10:15 [http-nio-8080-exec-6] INFO  pissir.watermanager.dao.DaoRisorseAzienda - Esecuzione della query per ottenere lo storico delle risorse idriche aziendali con ID azienda: 2
2024-04-02 12:10:15 [http-nio-8080-exec-6] INFO  pissir.watermanager.dao.DaoCampagna - Esecuzione della query per ottenere le campagne dell'azienda con ID: 2
2024-04-02 12:10:15 [http-nio-8080-exec-6] INFO  pissir.watermanager.dao.DaoCampo - Esecuzione della query per ottenere i campi della campagna con ID: 6
2024-04-02 12:10:15 [http-nio-8080-exec-6] INFO  pissir.watermanager.dao.DaoColtivazione - Esecuzione della query per ottenere le coltivazioni del campo con ID: 7
2024-04-02 12:10:15 [http-nio-8080-exec-6] INFO  pissir.watermanager.dao.DaoColtivazione - Nessuna coltivazione trovata per il campo con ID: 7
2024-04-02 12:10:15 [http-nio-8080-exec-6] INFO  pissir.watermanager.dao.DaoAttuatore - Recupero degli attuatori per il campo con ID 7
2024-04-02 12:10:15 [http-nio-8080-exec-6] INFO  pissir.watermanager.dao.DaoAttuatore - Numero di attuatori trovati: 1
2024-04-02 12:10:15 [http-nio-8080-exec-6] INFO  pissir.watermanager.dao.DaoAttivazioni - Recupero attivazioni per attuatore con ID 6
2024-04-02 12:10:15 [http-nio-8080-exec-6] INFO  pissir.watermanager.dao.DaoSensore - Esecuzione della query per ottenere i sensori del campo con ID 7
2024-04-02 12:10:15 [http-nio-8080-exec-6] INFO  pissir.watermanager.dao.DaoSensore - Esecuzione della query per ottenere i sensori del campo con ID 7
2024-04-02 12:10:16 [http-nio-8080-exec-7] INFO  pissir.watermanager.dao.DaoUser - Esecuzione della query per ottenere il gestore azienda con ID: 2
2024-04-02 12:10:16 [http-nio-8080-exec-7] INFO  pissir.watermanager.dao.DaoAzienda - Esecuzione della query per ottenere l'azienda con ID gestore: 2
2024-04-02 12:10:16 [http-nio-8080-exec-7] INFO  pissir.watermanager.dao.DaoAzienda - Azienda micio's azienda trovata per il gestore con ID 2
2024-04-02 12:10:16 [http-nio-8080-exec-7] INFO  pissir.watermanager.dao.DaoRisorseAzienda - Esecuzione della query per ottenere lo storico delle risorse idriche aziendali con ID azienda: 2
2024-04-02 12:10:16 [http-nio-8080-exec-7] INFO  pissir.watermanager.dao.DaoRichieste - Esecuzione della query per ottenere le richieste dell'azienda con nome: micio's azienda
2024-04-02 12:10:16 [http-nio-8080-exec-7] INFO  pissir.watermanager.dao.DaoRisorseAzienda - Esecuzione della query per ottenere lo storico delle risorse idriche aziendali con ID azienda: 2
2024-04-02 12:10:16 [http-nio-8080-exec-7] INFO  pissir.watermanager.dao.DaoCampagna - Esecuzione della query per ottenere le campagne dell'azienda con ID: 2
2024-04-02 12:10:16 [http-nio-8080-exec-7] INFO  pissir.watermanager.dao.DaoCampo - Esecuzione della query per ottenere i campi della campagna con ID: 6
2024-04-02 12:10:16 [http-nio-8080-exec-7] INFO  pissir.watermanager.dao.DaoColtivazione - Esecuzione della query per ottenere le coltivazioni del campo con ID: 7
2024-04-02 12:10:16 [http-nio-8080-exec-7] INFO  pissir.watermanager.dao.DaoColtivazione - Nessuna coltivazione trovata per il campo con ID: 7
2024-04-02 12:10:16 [http-nio-8080-exec-7] INFO  pissir.watermanager.dao.DaoAttuatore - Recupero degli attuatori per il campo con ID 7
2024-04-02 12:10:16 [http-nio-8080-exec-7] INFO  pissir.watermanager.dao.DaoAttuatore - Numero di attuatori trovati: 1
2024-04-02 12:10:16 [http-nio-8080-exec-7] INFO  pissir.watermanager.dao.DaoAttivazioni - Recupero attivazioni per attuatore con ID 6
2024-04-02 12:10:16 [http-nio-8080-exec-7] INFO  pissir.watermanager.dao.DaoSensore - Esecuzione della query per ottenere i sensori del campo con ID 7
2024-04-02 12:10:16 [http-nio-8080-exec-7] INFO  pissir.watermanager.dao.DaoSensore - Esecuzione della query per ottenere i sensori del campo con ID 7
2024-04-02 12:10:17 [http-nio-8080-exec-8] INFO  pissir.watermanager.controller.ControllerAzienda - Azienda | get | 2
2024-04-02 12:10:17 [http-nio-8080-exec-8] INFO  pissir.watermanager.controller.ControllerAzienda - Azienda | get | 2 | concesso
2024-04-02 12:10:17 [http-nio-8080-exec-8] INFO  pissir.watermanager.dao.DaoAzienda - Esecuzione query per ottenere l'azienda con ID 2
2024-04-02 12:10:17 [http-nio-8080-exec-8] INFO  pissir.watermanager.dao.DaoAzienda - Azienda trovata: micio's azienda
2024-04-02 12:10:17 [http-nio-8080-exec-8] INFO  pissir.watermanager.dao.DaoCampagna - Esecuzione della query per ottenere le campagne dell'azienda con ID: 2
2024-04-02 12:10:17 [http-nio-8080-exec-8] INFO  pissir.watermanager.dao.DaoCampo - Esecuzione della query per ottenere i campi della campagna con ID: 6
2024-04-02 12:10:17 [http-nio-8080-exec-8] INFO  pissir.watermanager.dao.DaoColtivazione - Esecuzione della query per ottenere le coltivazioni del campo con ID: 7
2024-04-02 12:10:17 [http-nio-8080-exec-8] INFO  pissir.watermanager.dao.DaoColtivazione - Nessuna coltivazione trovata per il campo con ID: 7
2024-04-02 12:10:17 [http-nio-8080-exec-8] INFO  pissir.watermanager.dao.DaoAttuatore - Recupero degli attuatori per il campo con ID 7
2024-04-02 12:10:17 [http-nio-8080-exec-8] INFO  pissir.watermanager.dao.DaoAttuatore - Numero di attuatori trovati: 1
2024-04-02 12:10:17 [http-nio-8080-exec-8] INFO  pissir.watermanager.dao.DaoAttivazioni - Recupero attivazioni per attuatore con ID 6
2024-04-02 12:10:17 [http-nio-8080-exec-8] INFO  pissir.watermanager.dao.DaoSensore - Esecuzione della query per ottenere i sensori del campo con ID 7
2024-04-02 12:10:17 [http-nio-8080-exec-8] INFO  pissir.watermanager.dao.DaoSensore - Esecuzione della query per ottenere i sensori del campo con ID 7
2024-04-02 12:10:17 [http-nio-8080-exec-8] INFO  pissir.watermanager.dao.DaoRisorseAzienda - Esecuzione della query per ottenere lo storico delle risorse idriche aziendali con ID azienda: 2
2024-04-02 12:10:17 [http-nio-8080-exec-8] INFO  pissir.watermanager.dao.DaoRichieste - Esecuzione della query per ottenere le richieste dell'azienda con nome: micio's azienda
2024-04-02 12:10:18 [http-nio-8080-exec-9] INFO  pissir.watermanager.controller.ControllerAzienda - Azienda | get | 2
2024-04-02 12:10:18 [http-nio-8080-exec-9] INFO  pissir.watermanager.controller.ControllerAzienda - Azienda | get | 2 | concesso
2024-04-02 12:10:18 [http-nio-8080-exec-9] INFO  pissir.watermanager.dao.DaoAzienda - Esecuzione query per ottenere l'azienda con ID 2
2024-04-02 12:10:18 [http-nio-8080-exec-9] INFO  pissir.watermanager.dao.DaoAzienda - Azienda trovata: micio's azienda
2024-04-02 12:10:18 [http-nio-8080-exec-9] INFO  pissir.watermanager.dao.DaoCampagna - Esecuzione della query per ottenere le campagne dell'azienda con ID: 2
2024-04-02 12:10:18 [http-nio-8080-exec-9] INFO  pissir.watermanager.dao.DaoCampo - Esecuzione della query per ottenere i campi della campagna con ID: 6
2024-04-02 12:10:18 [http-nio-8080-exec-9] INFO  pissir.watermanager.dao.DaoColtivazione - Esecuzione della query per ottenere le coltivazioni del campo con ID: 7
2024-04-02 12:10:18 [http-nio-8080-exec-9] INFO  pissir.watermanager.dao.DaoColtivazione - Nessuna coltivazione trovata per il campo con ID: 7
2024-04-02 12:10:18 [http-nio-8080-exec-9] INFO  pissir.watermanager.dao.DaoAttuatore - Recupero degli attuatori per il campo con ID 7
2024-04-02 12:10:18 [http-nio-8080-exec-9] INFO  pissir.watermanager.dao.DaoAttuatore - Numero di attuatori trovati: 1
2024-04-02 12:10:18 [http-nio-8080-exec-9] INFO  pissir.watermanager.dao.DaoAttivazioni - Recupero attivazioni per attuatore con ID 6
2024-04-02 12:10:18 [http-nio-8080-exec-9] INFO  pissir.watermanager.dao.DaoSensore - Esecuzione della query per ottenere i sensori del campo con ID 7
2024-04-02 12:10:18 [http-nio-8080-exec-9] INFO  pissir.watermanager.dao.DaoSensore - Esecuzione della query per ottenere i sensori del campo con ID 7
2024-04-02 12:10:18 [http-nio-8080-exec-9] INFO  pissir.watermanager.dao.DaoRisorseAzienda - Esecuzione della query per ottenere lo storico delle risorse idriche aziendali con ID azienda: 2
2024-04-02 12:10:18 [http-nio-8080-exec-9] INFO  pissir.watermanager.dao.DaoRichieste - Esecuzione della query per ottenere le richieste dell'azienda con nome: micio's azienda
2024-04-02 12:10:19 [http-nio-8080-exec-10] INFO  pissir.watermanager.dao.DaoCampo - Inizio della query per ottenere il campo con ID: 7
2024-04-02 12:10:19 [http-nio-8080-exec-10] INFO  pissir.watermanager.dao.DaoCampo - Nessun campo trovato con ID: 7
