2024-05-03 10:11:28 [restartedMain] INFO  pissir.watermanager.WaterManagerApplication - Starting WaterManagerApplication using Java 17.0.10 with PID 17603 (/Volumes/MICIO2/progetti/pissir/pissir/WaterManager/target/classes started by alessandrogattico in /Volumes/MICIO2/progetti/pissir/pissir)
2024-05-03 10:11:28 [restartedMain] INFO  pissir.watermanager.WaterManagerApplication - No active profile set, falling back to 1 default profile: "default"
2024-05-03 10:11:35 [restartedMain] INFO  pissir.watermanager.WaterManagerApplication - Started WaterManagerApplication in 8.203 seconds (process running for 10.912)
2024-05-03 10:11:46 [http-nio-8080-exec-1] INFO  pissir.watermanager.security.controller.AuthenticationController - User | login | micio
2024-05-03 10:11:46 [http-nio-8080-exec-1] INFO  pissir.watermanager.dao.DaoUser - Esecuzione della query per ottenere l'utente con username: micio
2024-05-03 10:11:47 [http-nio-8080-exec-2] INFO  pissir.watermanager.dao.DaoUser - Esecuzione della query per ottenere il gestore azienda con ID: 2
2024-05-03 10:11:47 [http-nio-8080-exec-2] INFO  pissir.watermanager.dao.DaoAzienda - Esecuzione della query per ottenere l'azienda con ID gestore: 2
2024-05-03 10:11:47 [http-nio-8080-exec-2] INFO  pissir.watermanager.dao.DaoAzienda - Azienda micio's azienda trovata per il gestore con ID 2
2024-05-03 10:11:47 [http-nio-8080-exec-2] INFO  pissir.watermanager.dao.DaoRisorseAzienda - Esecuzione della query per ottenere lo storico delle risorse idriche aziendali con ID azienda: 2
2024-05-03 10:11:47 [http-nio-8080-exec-2] INFO  pissir.watermanager.dao.DaoRichieste - Esecuzione della query per ottenere le richieste dell'azienda con nome: micio's azienda
2024-05-03 10:11:47 [http-nio-8080-exec-2] INFO  pissir.watermanager.dao.DaoApprovazione - Estrazione approvazione con ID richiesta: 15
2024-05-03 10:11:47 [http-nio-8080-exec-2] INFO  pissir.watermanager.dao.DaoApprovazione - Estrazione approvazione con ID richiesta: 14
2024-05-03 10:11:47 [http-nio-8080-exec-2] INFO  pissir.watermanager.dao.DaoApprovazione - Estrazione approvazione con ID richiesta: 13
2024-05-03 10:11:47 [http-nio-8080-exec-2] INFO  pissir.watermanager.dao.DaoApprovazione - Estrazione approvazione con ID richiesta: 16
2024-05-03 10:11:47 [http-nio-8080-exec-2] INFO  pissir.watermanager.dao.DaoApprovazione - Estrazione approvazione con ID richiesta: 17
2024-05-03 10:11:47 [http-nio-8080-exec-2] INFO  pissir.watermanager.dao.DaoApprovazione - Nessuna approvazione trovata per la richiesta con ID: 17
2024-05-03 10:11:47 [http-nio-8080-exec-2] INFO  pissir.watermanager.dao.DaoApprovazione - Estrazione approvazione con ID richiesta: 15
2024-05-03 10:11:47 [http-nio-8080-exec-2] INFO  pissir.watermanager.dao.DaoApprovazione - Estrazione approvazione con ID richiesta: 14
2024-05-03 10:11:47 [http-nio-8080-exec-2] INFO  pissir.watermanager.dao.DaoApprovazione - Estrazione approvazione con ID richiesta: 13
2024-05-03 10:11:47 [http-nio-8080-exec-2] INFO  pissir.watermanager.dao.DaoApprovazione - Estrazione approvazione con ID richiesta: 16
2024-05-03 10:11:47 [http-nio-8080-exec-2] INFO  pissir.watermanager.dao.DaoApprovazione - Estrazione approvazione con ID richiesta: 17
2024-05-03 10:11:47 [http-nio-8080-exec-2] INFO  pissir.watermanager.dao.DaoApprovazione - Nessuna approvazione trovata per la richiesta con ID: 17
2024-05-03 10:11:47 [http-nio-8080-exec-2] INFO  pissir.watermanager.dao.DaoRisorseAzienda - Esecuzione della query per ottenere lo storico delle risorse idriche aziendali con ID azienda: 2
2024-05-03 10:11:47 [http-nio-8080-exec-2] INFO  pissir.watermanager.dao.DaoCampagna - Esecuzione della query per ottenere le campagne dell'azienda con ID: 2
2024-05-03 10:11:47 [http-nio-8080-exec-2] INFO  pissir.watermanager.dao.DaoCampagna - Trovate 1 campagne per l'azienda con ID: 2
2024-05-03 10:11:47 [http-nio-8080-exec-2] INFO  pissir.watermanager.dao.DaoCampo - Esecuzione della query per ottenere i campi della campagna con ID: 6
2024-05-03 10:11:47 [http-nio-8080-exec-2] INFO  pissir.watermanager.dao.DaoCampo - Trovati 2 campi per la campagna con ID: 6
2024-05-03 10:11:47 [http-nio-8080-exec-2] INFO  pissir.watermanager.dao.DaoColtivazione - Esecuzione della query per ottenere le coltivazioni del campo con ID: 7
2024-05-03 10:11:47 [http-nio-8080-exec-2] INFO  pissir.watermanager.dao.DaoAttuatore - Recupero degli attuatori per il campo con ID 7
2024-05-03 10:11:47 [http-nio-8080-exec-2] INFO  pissir.watermanager.dao.DaoAttuatore - Numero di attuatori trovati: 1
2024-05-03 10:11:47 [http-nio-8080-exec-2] INFO  pissir.watermanager.dao.DaoAttivazioni - Recupero attivazioni per attuatore con ID 6
2024-05-03 10:11:47 [http-nio-8080-exec-2] INFO  pissir.watermanager.dao.DaoSensore - Esecuzione della query per ottenere i sensori del campo con ID 7
2024-05-03 10:11:47 [http-nio-8080-exec-2] INFO  pissir.watermanager.dao.DaoMisura - Esecuzione della query per ottenere le misure del sensore con ID: 1
2024-05-03 10:11:47 [http-nio-8080-exec-2] INFO  pissir.watermanager.dao.DaoMisura - Nessuna misura trovata per il sensore con ID: 1
2024-05-03 10:11:47 [http-nio-8080-exec-2] INFO  pissir.watermanager.dao.DaoSensore - Esecuzione della query per ottenere i sensori del campo con ID 7
2024-05-03 10:11:47 [http-nio-8080-exec-2] INFO  pissir.watermanager.dao.DaoMisura - Esecuzione della query per ottenere le misure del sensore con ID: 1
2024-05-03 10:11:47 [http-nio-8080-exec-2] INFO  pissir.watermanager.dao.DaoMisura - Nessuna misura trovata per il sensore con ID: 1
2024-05-03 10:11:47 [http-nio-8080-exec-2] INFO  pissir.watermanager.dao.DaoColtivazione - Esecuzione della query per ottenere le coltivazioni del campo con ID: 8
2024-05-03 10:11:47 [http-nio-8080-exec-2] INFO  pissir.watermanager.dao.DaoAttuatore - Recupero degli attuatori per il campo con ID 8
2024-05-03 10:11:47 [http-nio-8080-exec-2] INFO  pissir.watermanager.dao.DaoAttuatore - Nessuna attuatore trovato per il campo con ID: 8
2024-05-03 10:11:47 [http-nio-8080-exec-2] INFO  pissir.watermanager.dao.DaoSensore - Esecuzione della query per ottenere i sensori del campo con ID 8
2024-05-03 10:11:47 [http-nio-8080-exec-2] INFO  pissir.watermanager.dao.DaoSensore - Esecuzione della query per ottenere i sensori del campo con ID 8
2024-05-03 10:11:47 [http-nio-8080-exec-3] INFO  pissir.watermanager.dao.DaoUser - Esecuzione della query per ottenere il gestore azienda con ID: 2
2024-05-03 10:11:47 [http-nio-8080-exec-3] INFO  pissir.watermanager.dao.DaoAzienda - Esecuzione della query per ottenere l'azienda con ID gestore: 2
2024-05-03 10:11:47 [http-nio-8080-exec-3] INFO  pissir.watermanager.dao.DaoAzienda - Azienda micio's azienda trovata per il gestore con ID 2
2024-05-03 10:11:47 [http-nio-8080-exec-3] INFO  pissir.watermanager.dao.DaoRisorseAzienda - Esecuzione della query per ottenere lo storico delle risorse idriche aziendali con ID azienda: 2
2024-05-03 10:11:47 [http-nio-8080-exec-3] INFO  pissir.watermanager.dao.DaoRichieste - Esecuzione della query per ottenere le richieste dell'azienda con nome: micio's azienda
2024-05-03 10:11:47 [http-nio-8080-exec-3] INFO  pissir.watermanager.dao.DaoApprovazione - Estrazione approvazione con ID richiesta: 14
2024-05-03 10:11:47 [http-nio-8080-exec-3] INFO  pissir.watermanager.dao.DaoApprovazione - Estrazione approvazione con ID richiesta: 17
2024-05-03 10:11:47 [http-nio-8080-exec-3] INFO  pissir.watermanager.dao.DaoApprovazione - Nessuna approvazione trovata per la richiesta con ID: 17
2024-05-03 10:11:47 [http-nio-8080-exec-3] INFO  pissir.watermanager.dao.DaoApprovazione - Estrazione approvazione con ID richiesta: 15
2024-05-03 10:11:47 [http-nio-8080-exec-3] INFO  pissir.watermanager.dao.DaoApprovazione - Estrazione approvazione con ID richiesta: 13
2024-05-03 10:11:47 [http-nio-8080-exec-3] INFO  pissir.watermanager.dao.DaoApprovazione - Estrazione approvazione con ID richiesta: 16
2024-05-03 10:11:47 [http-nio-8080-exec-3] INFO  pissir.watermanager.dao.DaoApprovazione - Estrazione approvazione con ID richiesta: 14
2024-05-03 10:11:47 [http-nio-8080-exec-3] INFO  pissir.watermanager.dao.DaoApprovazione - Estrazione approvazione con ID richiesta: 17
2024-05-03 10:11:47 [http-nio-8080-exec-3] INFO  pissir.watermanager.dao.DaoApprovazione - Nessuna approvazione trovata per la richiesta con ID: 17
2024-05-03 10:11:47 [http-nio-8080-exec-3] INFO  pissir.watermanager.dao.DaoApprovazione - Estrazione approvazione con ID richiesta: 15
2024-05-03 10:11:47 [http-nio-8080-exec-3] INFO  pissir.watermanager.dao.DaoApprovazione - Estrazione approvazione con ID richiesta: 13
2024-05-03 10:11:47 [http-nio-8080-exec-3] INFO  pissir.watermanager.dao.DaoApprovazione - Estrazione approvazione con ID richiesta: 16
2024-05-03 10:11:47 [http-nio-8080-exec-3] INFO  pissir.watermanager.dao.DaoRisorseAzienda - Esecuzione della query per ottenere lo storico delle risorse idriche aziendali con ID azienda: 2
2024-05-03 10:11:47 [http-nio-8080-exec-3] INFO  pissir.watermanager.dao.DaoCampagna - Esecuzione della query per ottenere le campagne dell'azienda con ID: 2
2024-05-03 10:11:47 [http-nio-8080-exec-3] INFO  pissir.watermanager.dao.DaoCampagna - Trovate 1 campagne per l'azienda con ID: 2
2024-05-03 10:11:47 [http-nio-8080-exec-3] INFO  pissir.watermanager.dao.DaoCampo - Esecuzione della query per ottenere i campi della campagna con ID: 6
2024-05-03 10:11:47 [http-nio-8080-exec-3] INFO  pissir.watermanager.dao.DaoCampo - Trovati 2 campi per la campagna con ID: 6
2024-05-03 10:11:47 [http-nio-8080-exec-3] INFO  pissir.watermanager.dao.DaoColtivazione - Esecuzione della query per ottenere le coltivazioni del campo con ID: 7
2024-05-03 10:11:47 [http-nio-8080-exec-3] INFO  pissir.watermanager.dao.DaoAttuatore - Recupero degli attuatori per il campo con ID 7
2024-05-03 10:11:47 [http-nio-8080-exec-3] INFO  pissir.watermanager.dao.DaoAttuatore - Numero di attuatori trovati: 1
2024-05-03 10:11:47 [http-nio-8080-exec-3] INFO  pissir.watermanager.dao.DaoAttivazioni - Recupero attivazioni per attuatore con ID 6
2024-05-03 10:11:47 [http-nio-8080-exec-3] INFO  pissir.watermanager.dao.DaoSensore - Esecuzione della query per ottenere i sensori del campo con ID 7
2024-05-03 10:11:47 [http-nio-8080-exec-3] INFO  pissir.watermanager.dao.DaoMisura - Esecuzione della query per ottenere le misure del sensore con ID: 1
2024-05-03 10:11:47 [http-nio-8080-exec-3] INFO  pissir.watermanager.dao.DaoMisura - Nessuna misura trovata per il sensore con ID: 1
2024-05-03 10:11:47 [http-nio-8080-exec-3] INFO  pissir.watermanager.dao.DaoSensore - Esecuzione della query per ottenere i sensori del campo con ID 7
2024-05-03 10:11:47 [http-nio-8080-exec-3] INFO  pissir.watermanager.dao.DaoMisura - Esecuzione della query per ottenere le misure del sensore con ID: 1
2024-05-03 10:11:47 [http-nio-8080-exec-3] INFO  pissir.watermanager.dao.DaoMisura - Nessuna misura trovata per il sensore con ID: 1
2024-05-03 10:11:47 [http-nio-8080-exec-3] INFO  pissir.watermanager.dao.DaoColtivazione - Esecuzione della query per ottenere le coltivazioni del campo con ID: 8
2024-05-03 10:11:47 [http-nio-8080-exec-3] INFO  pissir.watermanager.dao.DaoAttuatore - Recupero degli attuatori per il campo con ID 8
2024-05-03 10:11:47 [http-nio-8080-exec-3] INFO  pissir.watermanager.dao.DaoAttuatore - Nessuna attuatore trovato per il campo con ID: 8
2024-05-03 10:11:47 [http-nio-8080-exec-3] INFO  pissir.watermanager.dao.DaoSensore - Esecuzione della query per ottenere i sensori del campo con ID 8
2024-05-03 10:11:47 [http-nio-8080-exec-3] INFO  pissir.watermanager.dao.DaoSensore - Esecuzione della query per ottenere i sensori del campo con ID 8
2024-05-03 10:12:07 [restartedMain] INFO  pissir.watermanager.WaterManagerApplication - Starting WaterManagerApplication using Java 17.0.10 with PID 17628 (/Volumes/MICIO2/progetti/pissir/pissir/WaterManager/target/classes started by alessandrogattico in /Volumes/MICIO2/progetti/pissir/pissir)
2024-05-03 10:12:07 [restartedMain] INFO  pissir.watermanager.WaterManagerApplication - No active profile set, falling back to 1 default profile: "default"
2024-05-03 10:12:13 [restartedMain] INFO  pissir.watermanager.WaterManagerApplication - Started WaterManagerApplication in 9.227 seconds (process running for 14.955)
2024-05-03 10:12:35 [restartedMain] INFO  pissir.watermanager.WaterManagerApplication - Starting WaterManagerApplication using Java 17.0.10 with PID 17672 (/Volumes/MICIO2/progetti/pissir/pissir/WaterManager/target/classes started by alessandrogattico in /Volumes/MICIO2/progetti/pissir/pissir)
2024-05-03 10:12:35 [restartedMain] INFO  pissir.watermanager.WaterManagerApplication - No active profile set, falling back to 1 default profile: "default"
2024-05-03 10:12:39 [restartedMain] INFO  pissir.watermanager.WaterManagerApplication - Started WaterManagerApplication in 5.467 seconds (process running for 7.887)
2024-05-03 10:13:07 [http-nio-8080-exec-2] INFO  pissir.watermanager.security.controller.AuthenticationController - User | login | micio
2024-05-03 10:13:08 [http-nio-8080-exec-2] INFO  pissir.watermanager.dao.DaoUser - Esecuzione della query per ottenere l'utente con username: micio
2024-05-03 10:13:08 [http-nio-8080-exec-3] INFO  pissir.watermanager.dao.DaoUser - Esecuzione della query per ottenere il gestore azienda con ID: 2
2024-05-03 10:13:08 [http-nio-8080-exec-3] INFO  pissir.watermanager.dao.DaoAzienda - Esecuzione della query per ottenere l'azienda con ID gestore: 2
2024-05-03 10:13:08 [http-nio-8080-exec-3] INFO  pissir.watermanager.dao.DaoAzienda - Azienda micio's azienda trovata per il gestore con ID 2
2024-05-03 10:13:08 [http-nio-8080-exec-3] INFO  pissir.watermanager.dao.DaoRisorseAzienda - Esecuzione della query per ottenere lo storico delle risorse idriche aziendali con ID azienda: 2
2024-05-03 10:13:08 [http-nio-8080-exec-3] INFO  pissir.watermanager.dao.DaoRichieste - Esecuzione della query per ottenere le richieste dell'azienda con nome: micio's azienda
2024-05-03 10:13:08 [http-nio-8080-exec-3] INFO  pissir.watermanager.dao.DaoApprovazione - Estrazione approvazione con ID richiesta: 15
2024-05-03 10:13:08 [http-nio-8080-exec-3] INFO  pissir.watermanager.dao.DaoApprovazione - Estrazione approvazione con ID richiesta: 16
2024-05-03 10:13:08 [http-nio-8080-exec-3] INFO  pissir.watermanager.dao.DaoApprovazione - Estrazione approvazione con ID richiesta: 13
2024-05-03 10:13:08 [http-nio-8080-exec-3] INFO  pissir.watermanager.dao.DaoApprovazione - Estrazione approvazione con ID richiesta: 14
2024-05-03 10:13:08 [http-nio-8080-exec-3] INFO  pissir.watermanager.dao.DaoApprovazione - Estrazione approvazione con ID richiesta: 17
2024-05-03 10:13:08 [http-nio-8080-exec-3] INFO  pissir.watermanager.dao.DaoApprovazione - Nessuna approvazione trovata per la richiesta con ID: 17
2024-05-03 10:13:08 [http-nio-8080-exec-3] INFO  pissir.watermanager.dao.DaoApprovazione - Estrazione approvazione con ID richiesta: 15
2024-05-03 10:13:08 [http-nio-8080-exec-3] INFO  pissir.watermanager.dao.DaoApprovazione - Estrazione approvazione con ID richiesta: 16
2024-05-03 10:13:08 [http-nio-8080-exec-3] INFO  pissir.watermanager.dao.DaoApprovazione - Estrazione approvazione con ID richiesta: 13
2024-05-03 10:13:08 [http-nio-8080-exec-3] INFO  pissir.watermanager.dao.DaoApprovazione - Estrazione approvazione con ID richiesta: 14
2024-05-03 10:13:08 [http-nio-8080-exec-3] INFO  pissir.watermanager.dao.DaoApprovazione - Estrazione approvazione con ID richiesta: 17
2024-05-03 10:13:08 [http-nio-8080-exec-3] INFO  pissir.watermanager.dao.DaoApprovazione - Nessuna approvazione trovata per la richiesta con ID: 17
2024-05-03 10:13:08 [http-nio-8080-exec-3] INFO  pissir.watermanager.dao.DaoRisorseAzienda - Esecuzione della query per ottenere lo storico delle risorse idriche aziendali con ID azienda: 2
2024-05-03 10:13:08 [http-nio-8080-exec-3] INFO  pissir.watermanager.dao.DaoCampagna - Esecuzione della query per ottenere le campagne dell'azienda con ID: 2
2024-05-03 10:13:08 [http-nio-8080-exec-3] INFO  pissir.watermanager.dao.DaoCampagna - Trovate 1 campagne per l'azienda con ID: 2
2024-05-03 10:13:08 [http-nio-8080-exec-3] INFO  pissir.watermanager.dao.DaoCampo - Esecuzione della query per ottenere i campi della campagna con ID: 6
2024-05-03 10:13:08 [http-nio-8080-exec-3] INFO  pissir.watermanager.dao.DaoCampo - Trovati 2 campi per la campagna con ID: 6
2024-05-03 10:13:08 [http-nio-8080-exec-3] INFO  pissir.watermanager.dao.DaoColtivazione - Esecuzione della query per ottenere le coltivazioni del campo con ID: 7
2024-05-03 10:13:08 [http-nio-8080-exec-3] INFO  pissir.watermanager.dao.DaoAttuatore - Recupero degli attuatori per il campo con ID 7
2024-05-03 10:13:08 [http-nio-8080-exec-3] INFO  pissir.watermanager.dao.DaoAttuatore - Numero di attuatori trovati: 1
2024-05-03 10:13:08 [http-nio-8080-exec-3] INFO  pissir.watermanager.dao.DaoAttivazioni - Recupero attivazioni per attuatore con ID 6
2024-05-03 10:13:08 [http-nio-8080-exec-3] INFO  pissir.watermanager.dao.DaoSensore - Esecuzione della query per ottenere i sensori del campo con ID 7
2024-05-03 10:13:08 [http-nio-8080-exec-3] INFO  pissir.watermanager.dao.DaoMisura - Esecuzione della query per ottenere le misure del sensore con ID: 1
2024-05-03 10:13:08 [http-nio-8080-exec-3] INFO  pissir.watermanager.dao.DaoMisura - Nessuna misura trovata per il sensore con ID: 1
2024-05-03 10:13:08 [http-nio-8080-exec-3] INFO  pissir.watermanager.dao.DaoSensore - Esecuzione della query per ottenere i sensori del campo con ID 7
2024-05-03 10:13:08 [http-nio-8080-exec-3] INFO  pissir.watermanager.dao.DaoMisura - Esecuzione della query per ottenere le misure del sensore con ID: 1
2024-05-03 10:13:08 [http-nio-8080-exec-3] INFO  pissir.watermanager.dao.DaoMisura - Nessuna misura trovata per il sensore con ID: 1
2024-05-03 10:13:08 [http-nio-8080-exec-3] INFO  pissir.watermanager.dao.DaoColtivazione - Esecuzione della query per ottenere le coltivazioni del campo con ID: 8
2024-05-03 10:13:08 [http-nio-8080-exec-3] INFO  pissir.watermanager.dao.DaoAttuatore - Recupero degli attuatori per il campo con ID 8
2024-05-03 10:13:08 [http-nio-8080-exec-3] INFO  pissir.watermanager.dao.DaoAttuatore - Nessuna attuatore trovato per il campo con ID: 8
2024-05-03 10:13:08 [http-nio-8080-exec-3] INFO  pissir.watermanager.dao.DaoSensore - Esecuzione della query per ottenere i sensori del campo con ID 8
2024-05-03 10:13:08 [http-nio-8080-exec-3] INFO  pissir.watermanager.dao.DaoSensore - Esecuzione della query per ottenere i sensori del campo con ID 8
2024-05-03 10:13:08 [http-nio-8080-exec-4] INFO  pissir.watermanager.dao.DaoUser - Esecuzione della query per ottenere il gestore azienda con ID: 2
2024-05-03 10:13:08 [http-nio-8080-exec-4] INFO  pissir.watermanager.dao.DaoAzienda - Esecuzione della query per ottenere l'azienda con ID gestore: 2
2024-05-03 10:13:08 [http-nio-8080-exec-4] INFO  pissir.watermanager.dao.DaoAzienda - Azienda micio's azienda trovata per il gestore con ID 2
2024-05-03 10:13:08 [http-nio-8080-exec-4] INFO  pissir.watermanager.dao.DaoRisorseAzienda - Esecuzione della query per ottenere lo storico delle risorse idriche aziendali con ID azienda: 2
2024-05-03 10:13:08 [http-nio-8080-exec-4] INFO  pissir.watermanager.dao.DaoRichieste - Esecuzione della query per ottenere le richieste dell'azienda con nome: micio's azienda
2024-05-03 10:13:08 [http-nio-8080-exec-4] INFO  pissir.watermanager.dao.DaoApprovazione - Estrazione approvazione con ID richiesta: 16
2024-05-03 10:13:08 [http-nio-8080-exec-4] INFO  pissir.watermanager.dao.DaoApprovazione - Estrazione approvazione con ID richiesta: 14
2024-05-03 10:13:08 [http-nio-8080-exec-4] INFO  pissir.watermanager.dao.DaoApprovazione - Estrazione approvazione con ID richiesta: 13
2024-05-03 10:13:08 [http-nio-8080-exec-4] INFO  pissir.watermanager.dao.DaoApprovazione - Estrazione approvazione con ID richiesta: 15
2024-05-03 10:13:08 [http-nio-8080-exec-4] INFO  pissir.watermanager.dao.DaoApprovazione - Estrazione approvazione con ID richiesta: 17
2024-05-03 10:13:08 [http-nio-8080-exec-4] INFO  pissir.watermanager.dao.DaoApprovazione - Nessuna approvazione trovata per la richiesta con ID: 17
2024-05-03 10:13:08 [http-nio-8080-exec-4] INFO  pissir.watermanager.dao.DaoApprovazione - Estrazione approvazione con ID richiesta: 16
2024-05-03 10:13:08 [http-nio-8080-exec-4] INFO  pissir.watermanager.dao.DaoApprovazione - Estrazione approvazione con ID richiesta: 14
2024-05-03 10:13:08 [http-nio-8080-exec-4] INFO  pissir.watermanager.dao.DaoApprovazione - Estrazione approvazione con ID richiesta: 13
2024-05-03 10:13:08 [http-nio-8080-exec-4] INFO  pissir.watermanager.dao.DaoApprovazione - Estrazione approvazione con ID richiesta: 15
2024-05-03 10:13:08 [http-nio-8080-exec-4] INFO  pissir.watermanager.dao.DaoApprovazione - Estrazione approvazione con ID richiesta: 17
2024-05-03 10:13:08 [http-nio-8080-exec-4] INFO  pissir.watermanager.dao.DaoApprovazione - Nessuna approvazione trovata per la richiesta con ID: 17
2024-05-03 10:13:08 [http-nio-8080-exec-4] INFO  pissir.watermanager.dao.DaoRisorseAzienda - Esecuzione della query per ottenere lo storico delle risorse idriche aziendali con ID azienda: 2
2024-05-03 10:13:08 [http-nio-8080-exec-4] INFO  pissir.watermanager.dao.DaoCampagna - Esecuzione della query per ottenere le campagne dell'azienda con ID: 2
2024-05-03 10:13:08 [http-nio-8080-exec-4] INFO  pissir.watermanager.dao.DaoCampagna - Trovate 1 campagne per l'azienda con ID: 2
2024-05-03 10:13:08 [http-nio-8080-exec-4] INFO  pissir.watermanager.dao.DaoCampo - Esecuzione della query per ottenere i campi della campagna con ID: 6
2024-05-03 10:13:08 [http-nio-8080-exec-4] INFO  pissir.watermanager.dao.DaoCampo - Trovati 2 campi per la campagna con ID: 6
2024-05-03 10:13:08 [http-nio-8080-exec-4] INFO  pissir.watermanager.dao.DaoColtivazione - Esecuzione della query per ottenere le coltivazioni del campo con ID: 8
2024-05-03 10:13:08 [http-nio-8080-exec-4] INFO  pissir.watermanager.dao.DaoAttuatore - Recupero degli attuatori per il campo con ID 8
2024-05-03 10:13:08 [http-nio-8080-exec-4] INFO  pissir.watermanager.dao.DaoAttuatore - Nessuna attuatore trovato per il campo con ID: 8
2024-05-03 10:13:08 [http-nio-8080-exec-4] INFO  pissir.watermanager.dao.DaoSensore - Esecuzione della query per ottenere i sensori del campo con ID 8
2024-05-03 10:13:08 [http-nio-8080-exec-4] INFO  pissir.watermanager.dao.DaoSensore - Esecuzione della query per ottenere i sensori del campo con ID 8
2024-05-03 10:13:08 [http-nio-8080-exec-4] INFO  pissir.watermanager.dao.DaoColtivazione - Esecuzione della query per ottenere le coltivazioni del campo con ID: 7
2024-05-03 10:13:08 [http-nio-8080-exec-4] INFO  pissir.watermanager.dao.DaoAttuatore - Recupero degli attuatori per il campo con ID 7
2024-05-03 10:13:08 [http-nio-8080-exec-4] INFO  pissir.watermanager.dao.DaoAttuatore - Numero di attuatori trovati: 1
2024-05-03 10:13:08 [http-nio-8080-exec-4] INFO  pissir.watermanager.dao.DaoAttivazioni - Recupero attivazioni per attuatore con ID 6
2024-05-03 10:13:08 [http-nio-8080-exec-4] INFO  pissir.watermanager.dao.DaoSensore - Esecuzione della query per ottenere i sensori del campo con ID 7
2024-05-03 10:13:08 [http-nio-8080-exec-4] INFO  pissir.watermanager.dao.DaoMisura - Esecuzione della query per ottenere le misure del sensore con ID: 1
2024-05-03 10:13:08 [http-nio-8080-exec-4] INFO  pissir.watermanager.dao.DaoMisura - Nessuna misura trovata per il sensore con ID: 1
2024-05-03 10:13:08 [http-nio-8080-exec-4] INFO  pissir.watermanager.dao.DaoSensore - Esecuzione della query per ottenere i sensori del campo con ID 7
2024-05-03 10:13:08 [http-nio-8080-exec-4] INFO  pissir.watermanager.dao.DaoMisura - Esecuzione della query per ottenere le misure del sensore con ID: 1
2024-05-03 10:13:08 [http-nio-8080-exec-4] INFO  pissir.watermanager.dao.DaoMisura - Nessuna misura trovata per il sensore con ID: 1
2024-05-03 10:13:12 [http-nio-8080-exec-5] INFO  pissir.watermanager.controller.ControllerAzienda - Azienda | get | 2
2024-05-03 10:13:12 [http-nio-8080-exec-5] INFO  pissir.watermanager.controller.ControllerAzienda - Azienda | get | 2 | concesso
2024-05-03 10:13:12 [http-nio-8080-exec-5] INFO  pissir.watermanager.dao.DaoAzienda - Esecuzione query per ottenere l'azienda con ID 2
2024-05-03 10:13:12 [http-nio-8080-exec-5] INFO  pissir.watermanager.dao.DaoAzienda - Azienda trovata: micio's azienda
2024-05-03 10:13:12 [http-nio-8080-exec-5] INFO  pissir.watermanager.dao.DaoCampagna - Esecuzione della query per ottenere le campagne dell'azienda con ID: 2
2024-05-03 10:13:12 [http-nio-8080-exec-5] INFO  pissir.watermanager.dao.DaoCampagna - Trovate 1 campagne per l'azienda con ID: 2
2024-05-03 10:13:12 [http-nio-8080-exec-5] INFO  pissir.watermanager.dao.DaoCampo - Esecuzione della query per ottenere i campi della campagna con ID: 6
2024-05-03 10:13:12 [http-nio-8080-exec-5] INFO  pissir.watermanager.dao.DaoCampo - Trovati 2 campi per la campagna con ID: 6
2024-05-03 10:13:12 [http-nio-8080-exec-5] INFO  pissir.watermanager.dao.DaoColtivazione - Esecuzione della query per ottenere le coltivazioni del campo con ID: 8
2024-05-03 10:13:12 [http-nio-8080-exec-5] INFO  pissir.watermanager.dao.DaoAttuatore - Recupero degli attuatori per il campo con ID 8
2024-05-03 10:13:12 [http-nio-8080-exec-5] INFO  pissir.watermanager.dao.DaoAttuatore - Nessuna attuatore trovato per il campo con ID: 8
2024-05-03 10:13:12 [http-nio-8080-exec-5] INFO  pissir.watermanager.dao.DaoSensore - Esecuzione della query per ottenere i sensori del campo con ID 8
2024-05-03 10:13:12 [http-nio-8080-exec-5] INFO  pissir.watermanager.dao.DaoSensore - Esecuzione della query per ottenere i sensori del campo con ID 8
2024-05-03 10:13:12 [http-nio-8080-exec-5] INFO  pissir.watermanager.dao.DaoColtivazione - Esecuzione della query per ottenere le coltivazioni del campo con ID: 7
2024-05-03 10:13:12 [http-nio-8080-exec-5] INFO  pissir.watermanager.dao.DaoAttuatore - Recupero degli attuatori per il campo con ID 7
2024-05-03 10:13:12 [http-nio-8080-exec-5] INFO  pissir.watermanager.dao.DaoAttuatore - Numero di attuatori trovati: 1
2024-05-03 10:13:12 [http-nio-8080-exec-5] INFO  pissir.watermanager.dao.DaoAttivazioni - Recupero attivazioni per attuatore con ID 6
2024-05-03 10:13:12 [http-nio-8080-exec-5] INFO  pissir.watermanager.dao.DaoSensore - Esecuzione della query per ottenere i sensori del campo con ID 7
2024-05-03 10:13:12 [http-nio-8080-exec-5] INFO  pissir.watermanager.dao.DaoMisura - Esecuzione della query per ottenere le misure del sensore con ID: 1
2024-05-03 10:13:12 [http-nio-8080-exec-5] INFO  pissir.watermanager.dao.DaoMisura - Nessuna misura trovata per il sensore con ID: 1
2024-05-03 10:13:12 [http-nio-8080-exec-5] INFO  pissir.watermanager.dao.DaoSensore - Esecuzione della query per ottenere i sensori del campo con ID 7
2024-05-03 10:13:12 [http-nio-8080-exec-5] INFO  pissir.watermanager.dao.DaoMisura - Esecuzione della query per ottenere le misure del sensore con ID: 1
2024-05-03 10:13:12 [http-nio-8080-exec-5] INFO  pissir.watermanager.dao.DaoMisura - Nessuna misura trovata per il sensore con ID: 1
2024-05-03 10:13:12 [http-nio-8080-exec-5] INFO  pissir.watermanager.dao.DaoRisorseAzienda - Esecuzione della query per ottenere lo storico delle risorse idriche aziendali con ID azienda: 2
2024-05-03 10:13:12 [http-nio-8080-exec-5] INFO  pissir.watermanager.dao.DaoRichieste - Esecuzione della query per ottenere le richieste dell'azienda con nome: micio's azienda
2024-05-03 10:13:12 [http-nio-8080-exec-5] INFO  pissir.watermanager.dao.DaoApprovazione - Estrazione approvazione con ID richiesta: 14
2024-05-03 10:13:12 [http-nio-8080-exec-5] INFO  pissir.watermanager.dao.DaoApprovazione - Estrazione approvazione con ID richiesta: 15
2024-05-03 10:13:12 [http-nio-8080-exec-5] INFO  pissir.watermanager.dao.DaoApprovazione - Estrazione approvazione con ID richiesta: 16
2024-05-03 10:13:12 [http-nio-8080-exec-5] INFO  pissir.watermanager.dao.DaoApprovazione - Estrazione approvazione con ID richiesta: 17
2024-05-03 10:13:12 [http-nio-8080-exec-5] INFO  pissir.watermanager.dao.DaoApprovazione - Nessuna approvazione trovata per la richiesta con ID: 17
2024-05-03 10:13:12 [http-nio-8080-exec-5] INFO  pissir.watermanager.dao.DaoApprovazione - Estrazione approvazione con ID richiesta: 13
2024-05-03 10:13:16 [http-nio-8080-exec-6] INFO  pissir.watermanager.dao.DaoCampo - Inizio della query per ottenere il campo con ID: 8
2024-05-03 10:13:16 [http-nio-8080-exec-6] INFO  pissir.watermanager.dao.DaoColtivazione - Esecuzione della query per ottenere le coltivazioni del campo con ID: 8
2024-05-03 10:13:16 [http-nio-8080-exec-6] INFO  pissir.watermanager.dao.DaoAttuatore - Recupero degli attuatori per il campo con ID 8
2024-05-03 10:13:16 [http-nio-8080-exec-6] INFO  pissir.watermanager.dao.DaoAttuatore - Nessuna attuatore trovato per il campo con ID: 8
2024-05-03 10:13:16 [http-nio-8080-exec-6] INFO  pissir.watermanager.dao.DaoSensore - Esecuzione della query per ottenere i sensori del campo con ID 8
2024-05-03 10:13:16 [http-nio-8080-exec-6] INFO  pissir.watermanager.dao.DaoSensore - Esecuzione della query per ottenere i sensori del campo con ID 8
2024-05-03 10:13:18 [http-nio-8080-exec-7] INFO  pissir.watermanager.dao.DaoUtils - Trovate 2 tipologie di sensore
2024-05-03 10:13:24 [http-nio-8080-exec-8] INFO  pissir.watermanager.dao.DaoSensore - Inserimento del sensore: temp 1
2024-05-03 10:13:24 [http-nio-8080-exec-10] INFO  pissir.watermanager.dao.DaoCampo - Inizio della query per ottenere il campo con ID: 8
2024-05-03 10:13:24 [http-nio-8080-exec-10] INFO  pissir.watermanager.dao.DaoColtivazione - Esecuzione della query per ottenere le coltivazioni del campo con ID: 8
2024-05-03 10:13:24 [http-nio-8080-exec-10] INFO  pissir.watermanager.dao.DaoAttuatore - Recupero degli attuatori per il campo con ID 8
2024-05-03 10:13:24 [http-nio-8080-exec-10] INFO  pissir.watermanager.dao.DaoAttuatore - Nessuna attuatore trovato per il campo con ID: 8
2024-05-03 10:13:24 [http-nio-8080-exec-10] INFO  pissir.watermanager.dao.DaoSensore - Esecuzione della query per ottenere i sensori del campo con ID 8
2024-05-03 10:13:24 [http-nio-8080-exec-10] INFO  pissir.watermanager.dao.DaoMisura - Esecuzione della query per ottenere le misure del sensore con ID: 2
2024-05-03 10:13:24 [http-nio-8080-exec-10] INFO  pissir.watermanager.dao.DaoMisura - Nessuna misura trovata per il sensore con ID: 2
2024-05-03 10:13:24 [http-nio-8080-exec-10] INFO  pissir.watermanager.dao.DaoSensore - Esecuzione della query per ottenere i sensori del campo con ID 8
2024-05-03 10:13:24 [http-nio-8080-exec-10] INFO  pissir.watermanager.dao.DaoMisura - Esecuzione della query per ottenere le misure del sensore con ID: 2
2024-05-03 10:13:24 [http-nio-8080-exec-10] INFO  pissir.watermanager.dao.DaoMisura - Nessuna misura trovata per il sensore con ID: 2
2024-05-03 10:13:26 [http-nio-8080-exec-9] INFO  pissir.watermanager.dao.DaoUtils - Trovate 2 tipologie di sensore
2024-05-03 10:13:31 [http-nio-8080-exec-1] INFO  pissir.watermanager.dao.DaoSensore - Inserimento del sensore: twmp2
2024-05-03 10:13:31 [http-nio-8080-exec-2] INFO  pissir.watermanager.dao.DaoCampo - Inizio della query per ottenere il campo con ID: 8
2024-05-03 10:13:31 [http-nio-8080-exec-2] INFO  pissir.watermanager.dao.DaoColtivazione - Esecuzione della query per ottenere le coltivazioni del campo con ID: 8
2024-05-03 10:13:31 [http-nio-8080-exec-2] INFO  pissir.watermanager.dao.DaoAttuatore - Recupero degli attuatori per il campo con ID 8
2024-05-03 10:13:31 [http-nio-8080-exec-2] INFO  pissir.watermanager.dao.DaoAttuatore - Nessuna attuatore trovato per il campo con ID: 8
2024-05-03 10:13:31 [http-nio-8080-exec-2] INFO  pissir.watermanager.dao.DaoSensore - Esecuzione della query per ottenere i sensori del campo con ID 8
2024-05-03 10:13:31 [http-nio-8080-exec-2] INFO  pissir.watermanager.dao.DaoMisura - Esecuzione della query per ottenere le misure del sensore con ID: 3
2024-05-03 10:13:31 [http-nio-8080-exec-2] INFO  pissir.watermanager.dao.DaoMisura - Nessuna misura trovata per il sensore con ID: 3
2024-05-03 10:13:31 [http-nio-8080-exec-2] INFO  pissir.watermanager.dao.DaoMisura - Esecuzione della query per ottenere le misure del sensore con ID: 2
2024-05-03 10:13:31 [http-nio-8080-exec-2] INFO  pissir.watermanager.dao.DaoMisura - Nessuna misura trovata per il sensore con ID: 2
2024-05-03 10:13:31 [http-nio-8080-exec-2] INFO  pissir.watermanager.dao.DaoSensore - Esecuzione della query per ottenere i sensori del campo con ID 8
2024-05-03 10:13:31 [http-nio-8080-exec-2] INFO  pissir.watermanager.dao.DaoMisura - Esecuzione della query per ottenere le misure del sensore con ID: 2
2024-05-03 10:13:31 [http-nio-8080-exec-2] INFO  pissir.watermanager.dao.DaoMisura - Nessuna misura trovata per il sensore con ID: 2
2024-05-03 10:13:31 [http-nio-8080-exec-2] INFO  pissir.watermanager.dao.DaoMisura - Esecuzione della query per ottenere le misure del sensore con ID: 3
2024-05-03 10:13:31 [http-nio-8080-exec-2] INFO  pissir.watermanager.dao.DaoMisura - Nessuna misura trovata per il sensore con ID: 3
2024-05-03 10:13:33 [http-nio-8080-exec-3] INFO  pissir.watermanager.dao.DaoUtils - Trovate 2 tipologie di sensore
2024-05-03 10:13:39 [http-nio-8080-exec-4] INFO  pissir.watermanager.dao.DaoSensore - Inserimento del sensore: um1
2024-05-03 10:13:39 [http-nio-8080-exec-5] INFO  pissir.watermanager.dao.DaoCampo - Inizio della query per ottenere il campo con ID: 8
2024-05-03 10:13:39 [http-nio-8080-exec-5] INFO  pissir.watermanager.dao.DaoColtivazione - Esecuzione della query per ottenere le coltivazioni del campo con ID: 8
2024-05-03 10:13:39 [http-nio-8080-exec-5] INFO  pissir.watermanager.dao.DaoAttuatore - Recupero degli attuatori per il campo con ID 8
2024-05-03 10:13:39 [http-nio-8080-exec-5] INFO  pissir.watermanager.dao.DaoAttuatore - Nessuna attuatore trovato per il campo con ID: 8
2024-05-03 10:13:39 [http-nio-8080-exec-5] INFO  pissir.watermanager.dao.DaoSensore - Esecuzione della query per ottenere i sensori del campo con ID 8
2024-05-03 10:13:39 [http-nio-8080-exec-5] INFO  pissir.watermanager.dao.DaoMisura - Esecuzione della query per ottenere le misure del sensore con ID: 2
2024-05-03 10:13:39 [http-nio-8080-exec-5] INFO  pissir.watermanager.dao.DaoMisura - Nessuna misura trovata per il sensore con ID: 2
2024-05-03 10:13:39 [http-nio-8080-exec-5] INFO  pissir.watermanager.dao.DaoMisura - Esecuzione della query per ottenere le misure del sensore con ID: 4
2024-05-03 10:13:39 [http-nio-8080-exec-5] INFO  pissir.watermanager.dao.DaoMisura - Nessuna misura trovata per il sensore con ID: 4
2024-05-03 10:13:39 [http-nio-8080-exec-5] INFO  pissir.watermanager.dao.DaoMisura - Esecuzione della query per ottenere le misure del sensore con ID: 3
2024-05-03 10:13:39 [http-nio-8080-exec-5] INFO  pissir.watermanager.dao.DaoMisura - Nessuna misura trovata per il sensore con ID: 3
2024-05-03 10:13:39 [http-nio-8080-exec-5] INFO  pissir.watermanager.dao.DaoSensore - Esecuzione della query per ottenere i sensori del campo con ID 8
2024-05-03 10:13:39 [http-nio-8080-exec-5] INFO  pissir.watermanager.dao.DaoMisura - Esecuzione della query per ottenere le misure del sensore con ID: 4
2024-05-03 10:13:39 [http-nio-8080-exec-5] INFO  pissir.watermanager.dao.DaoMisura - Nessuna misura trovata per il sensore con ID: 4
2024-05-03 10:13:39 [http-nio-8080-exec-5] INFO  pissir.watermanager.dao.DaoMisura - Esecuzione della query per ottenere le misure del sensore con ID: 3
2024-05-03 10:13:39 [http-nio-8080-exec-5] INFO  pissir.watermanager.dao.DaoMisura - Nessuna misura trovata per il sensore con ID: 3
2024-05-03 10:13:39 [http-nio-8080-exec-5] INFO  pissir.watermanager.dao.DaoMisura - Esecuzione della query per ottenere le misure del sensore con ID: 2
2024-05-03 10:13:39 [http-nio-8080-exec-5] INFO  pissir.watermanager.dao.DaoMisura - Nessuna misura trovata per il sensore con ID: 2
