2024-05-03 10:11:09.795 +02:00 [INF] User profile is available. Using '/Users/alessandrogattico/.aspnet/DataProtection-Keys' as key repository; keys will not be encrypted at rest.
2024-05-03 10:11:10.734 +02:00 [INF] Now listening on: https://localhost:5210
2024-05-03 10:11:10.737 +02:00 [INF] Application started. Press Ctrl+C to shut down.
2024-05-03 10:11:10.738 +02:00 [INF] Hosting environment: Development
2024-05-03 10:11:10.738 +02:00 [INF] Content root path: /Volumes/MICIO2/progetti/pissir/pissir/WaterManagerUI
2024-05-03 10:11:11.469 +02:00 [INF] Request starting HTTP/1.1 GET https://localhost:5210/ - -
2024-05-03 10:11:11.561 +02:00 [INF] Executing endpoint '/Index'
2024-05-03 10:11:11.708 +02:00 [INF] Route matched with {page = "/Index", area = ""}. Executing page /Index
2024-05-03 10:11:11.803 +02:00 [INF] Executing handler method WaterManagerUI.Pages.IndexModel.OnGetAsync - ModelState is "Valid"
2024-05-03 10:11:11.828 +02:00 [INF] Executed handler method OnGetAsync, returned result Microsoft.AspNetCore.Mvc.RazorPages.PageResult.
2024-05-03 10:11:12.920 +02:00 [INF] Executed page /Index in 1200.5817ms
2024-05-03 10:11:12.922 +02:00 [INF] Executed endpoint '/Index'
2024-05-03 10:11:12.944 +02:00 [INF] Request starting HTTP/1.1 GET https://localhost:5210/css/site.css?v=rqqofd6VqOmyYFfvnDo-30GuFB22kTEJlG0zuHg-ZGk - -
2024-05-03 10:11:12.945 +02:00 [INF] Request finished HTTP/1.1 GET https://localhost:5210/ - - - 200 - text/html;+charset=utf-8 1480.6597ms
2024-05-03 10:11:12.951 +02:00 [INF] Request starting HTTP/1.1 GET https://localhost:5210/lib/bootstrap/dist/css/bootstrap.min.css - -
2024-05-03 10:11:12.973 +02:00 [INF] Request starting HTTP/1.1 GET https://localhost:5210/lib/jquery/dist/jquery.min.js - -
2024-05-03 10:11:12.986 +02:00 [INF] Sending file. Request path: '/css/site.css'. Physical path: '/Volumes/MICIO2/progetti/pissir/pissir/WaterManagerUI/wwwroot/css/site.css'
2024-05-03 10:11:12.987 +02:00 [INF] Sending file. Request path: '/lib/jquery/dist/jquery.min.js'. Physical path: '/Volumes/MICIO2/progetti/pissir/pissir/WaterManagerUI/wwwroot/lib/jquery/dist/jquery.min.js'
2024-05-03 10:11:13.042 +02:00 [INF] Request finished HTTP/1.1 GET https://localhost:5210/css/site.css?v=rqqofd6VqOmyYFfvnDo-30GuFB22kTEJlG0zuHg-ZGk - - - 200 4250 text/css 97.7696ms
2024-05-03 10:11:13.042 +02:00 [INF] Request finished HTTP/1.1 GET https://localhost:5210/lib/jquery/dist/jquery.min.js - - - 200 89501 text/javascript 68.3897ms
2024-05-03 10:11:13.043 +02:00 [INF] Request starting HTTP/1.1 GET https://localhost:5210/js/site.js?v=Pdz6lZO2L2LLjpABmj7K1x8rHyPluRI7X_uOBOj-UhY - -
2024-05-03 10:11:13.043 +02:00 [INF] Request starting HTTP/1.1 GET https://localhost:5210/lib/bootstrap/dist/js/bootstrap.bundle.min.js - -
2024-05-03 10:11:13.047 +02:00 [INF] Sending file. Request path: '/js/site.js'. Physical path: '/Volumes/MICIO2/progetti/pissir/pissir/WaterManagerUI/wwwroot/js/site.js'
2024-05-03 10:11:13.047 +02:00 [INF] Request finished HTTP/1.1 GET https://localhost:5210/js/site.js?v=Pdz6lZO2L2LLjpABmj7K1x8rHyPluRI7X_uOBOj-UhY - - - 200 194 text/javascript 3.6640ms
2024-05-03 10:11:13.051 +02:00 [INF] Sending file. Request path: '/lib/bootstrap/dist/js/bootstrap.bundle.min.js'. Physical path: '/Volumes/MICIO2/progetti/pissir/pissir/WaterManagerUI/wwwroot/lib/bootstrap/dist/js/bootstrap.bundle.min.js'
2024-05-03 10:11:13.054 +02:00 [INF] Request finished HTTP/1.1 GET https://localhost:5210/lib/bootstrap/dist/js/bootstrap.bundle.min.js - - - 200 78468 text/javascript 9.6429ms
2024-05-03 10:11:13.072 +02:00 [INF] Sending file. Request path: '/lib/bootstrap/dist/css/bootstrap.min.css'. Physical path: '/Volumes/MICIO2/progetti/pissir/pissir/WaterManagerUI/wwwroot/lib/bootstrap/dist/css/bootstrap.min.css'
2024-05-03 10:11:13.072 +02:00 [INF] Request finished HTTP/1.1 GET https://localhost:5210/lib/bootstrap/dist/css/bootstrap.min.css - - - 200 162720 text/css 120.9612ms
2024-05-03 10:11:13.213 +02:00 [INF] Request starting HTTP/1.1 GET https://localhost:5210/favicon.ico - -
2024-05-03 10:11:13.218 +02:00 [INF] Sending file. Request path: '/favicon.ico'. Physical path: '/Volumes/MICIO2/progetti/pissir/pissir/WaterManagerUI/wwwroot/favicon.ico'
2024-05-03 10:11:13.219 +02:00 [INF] Request finished HTTP/1.1 GET https://localhost:5210/favicon.ico - - - 200 5430 image/x-icon 6.0079ms
2024-05-03 10:11:19.902 +02:00 [INF] Request starting HTTP/1.1 GET https://localhost:5210/Login - -
2024-05-03 10:11:19.906 +02:00 [INF] Executing endpoint '/Login'
2024-05-03 10:11:19.915 +02:00 [INF] Route matched with {page = "/Login", area = ""}. Executing page /Login
2024-05-03 10:11:19.925 +02:00 [INF] Executing an implicit handler method - ModelState is "Valid"
2024-05-03 10:11:19.925 +02:00 [INF] Executed an implicit handler method, returned result Microsoft.AspNetCore.Mvc.RazorPages.PageResult.
2024-05-03 10:11:20.019 +02:00 [INF] Executed page /Login in 103.9673ms
2024-05-03 10:11:20.020 +02:00 [INF] Executed endpoint '/Login'
2024-05-03 10:11:20.020 +02:00 [INF] Request finished HTTP/1.1 GET https://localhost:5210/Login - - - 200 - text/html;+charset=utf-8 118.6139ms
2024-05-03 10:11:20.035 +02:00 [INF] Request starting HTTP/1.1 GET https://localhost:5210/css/site.css - -
2024-05-03 10:11:20.037 +02:00 [INF] Sending file. Request path: '/css/site.css'. Physical path: '/Volumes/MICIO2/progetti/pissir/pissir/WaterManagerUI/wwwroot/css/site.css'
2024-05-03 10:11:20.037 +02:00 [INF] Request finished HTTP/1.1 GET https://localhost:5210/css/site.css - - - 200 4250 text/css 2.1305ms
2024-05-03 10:11:25.248 +02:00 [INF] Request starting HTTP/1.1 POST https://localhost:5210/Login application/x-www-form-urlencoded 224
2024-05-03 10:11:25.254 +02:00 [INF] Executing endpoint '/Login'
2024-05-03 10:11:25.255 +02:00 [INF] Route matched with {page = "/Login", area = ""}. Executing page /Login
2024-05-03 10:11:25.287 +02:00 [INF] Executing handler method WaterManagerUI.Pages.Login.OnPostAsync - ModelState is "Valid"
2024-05-03 10:11:25.300 +02:00 [INF] Login user: micio
2024-05-03 10:11:25.593 +02:00 [INF] Executed handler method OnPostAsync, returned result Microsoft.AspNetCore.Mvc.RazorPages.PageResult.
2024-05-03 10:11:25.615 +02:00 [INF] Executed page /Login in 360.2467ms
2024-05-03 10:11:25.618 +02:00 [INF] Executed endpoint '/Login'
2024-05-03 10:11:25.627 +02:00 [INF] Request finished HTTP/1.1 POST https://localhost:5210/Login application/x-www-form-urlencoded 224 - 200 - text/html;+charset=utf-8 379.7077ms
2024-05-03 10:11:28.854 +02:00 [INF] Request starting HTTP/1.1 POST https://localhost:5210/Login application/x-www-form-urlencoded 224
2024-05-03 10:11:28.854 +02:00 [INF] Executing endpoint '/Login'
2024-05-03 10:11:28.855 +02:00 [INF] Route matched with {page = "/Login", area = ""}. Executing page /Login
2024-05-03 10:11:28.856 +02:00 [INF] Executing handler method WaterManagerUI.Pages.Login.OnPostAsync - ModelState is "Valid"
2024-05-03 10:11:28.856 +02:00 [INF] Login user: micio
2024-05-03 10:11:28.861 +02:00 [INF] Executed handler method OnPostAsync, returned result Microsoft.AspNetCore.Mvc.RazorPages.PageResult.
2024-05-03 10:11:28.866 +02:00 [INF] Executed page /Login in 10.8211ms
2024-05-03 10:11:28.866 +02:00 [INF] Executed endpoint '/Login'
2024-05-03 10:11:28.866 +02:00 [INF] Request finished HTTP/1.1 POST https://localhost:5210/Login application/x-www-form-urlencoded 224 - 200 - text/html;+charset=utf-8 12.2621ms
2024-05-03 10:11:45.991 +02:00 [INF] Request starting HTTP/1.1 POST https://localhost:5210/Login application/x-www-form-urlencoded 224
2024-05-03 10:11:45.992 +02:00 [INF] Executing endpoint '/Login'
2024-05-03 10:11:45.992 +02:00 [INF] Route matched with {page = "/Login", area = ""}. Executing page /Login
2024-05-03 10:11:45.993 +02:00 [INF] Executing handler method WaterManagerUI.Pages.Login.OnPostAsync - ModelState is "Valid"
2024-05-03 10:11:45.993 +02:00 [INF] Login user: micio
2024-05-03 10:11:47.277 +02:00 [INF] Login micio succsessful
2024-05-03 10:11:47.480 +02:00 [INF] User role GESTOREAZIENDA
2024-05-03 10:11:47.484 +02:00 [INF] AuthenticationScheme: Identity.Application signed in.
2024-05-03 10:11:47.485 +02:00 [INF] Executed handler method OnPostAsync, returned result Microsoft.AspNetCore.Mvc.RedirectToPageResult.
2024-05-03 10:11:47.485 +02:00 [INF] Executing RedirectToPageResult, redirecting to /Azienda/GestoreAzienda.
2024-05-03 10:11:47.485 +02:00 [INF] Executed page /Login in 1493.1325ms
2024-05-03 10:11:47.485 +02:00 [INF] Executed endpoint '/Login'
2024-05-03 10:11:47.486 +02:00 [INF] Request finished HTTP/1.1 POST https://localhost:5210/Login application/x-www-form-urlencoded 224 - 302 0 - 1494.4996ms
2024-05-03 10:11:47.489 +02:00 [INF] Request starting HTTP/1.1 GET https://localhost:5210/Azienda/GestoreAzienda - -
2024-05-03 10:11:47.495 +02:00 [INF] Executing endpoint '/Azienda/GestoreAzienda'
2024-05-03 10:11:47.501 +02:00 [INF] Route matched with {page = "/Azienda/GestoreAzienda", area = ""}. Executing page /Azienda/GestoreAzienda
2024-05-03 10:11:47.501 +02:00 [INF] Executing handler method WaterManagerUI.Pages.Azienda.GestoreAzienda.OnGetAsync - ModelState is "Valid"
2024-05-03 10:11:47.508 +02:00 [INF] Start processing HTTP request GET http://localhost:8080/api/v1/user/get/ga/2
2024-05-03 10:11:47.512 +02:00 [INF] Sending HTTP request GET http://localhost:8080/api/v1/user/get/ga/2
2024-05-03 10:11:47.639 +02:00 [INF] Received HTTP response headers after 123.2074ms - 200
2024-05-03 10:11:47.640 +02:00 [INF] End processing HTTP request after 135.9221ms - 200
2024-05-03 10:11:47.643 +02:00 [INF] Executed handler method OnGetAsync, returned result .
2024-05-03 10:11:47.643 +02:00 [INF] Executing an implicit handler method - ModelState is "Valid"
2024-05-03 10:11:47.643 +02:00 [INF] Executed an implicit handler method, returned result Microsoft.AspNetCore.Mvc.RazorPages.PageResult.
2024-05-03 10:11:47.651 +02:00 [INF] Request starting HTTP/1.1 POST https://localhost:5210/Login application/x-www-form-urlencoded 224
2024-05-03 10:11:47.653 +02:00 [INF] Executing endpoint '/Login'
2024-05-03 10:11:47.653 +02:00 [INF] Route matched with {page = "/Login", area = ""}. Executing page /Login
2024-05-03 10:11:47.655 +02:00 [INF] Antiforgery token validation failed. The provided antiforgery token was meant for a different claims-based user than the current user.
Microsoft.AspNetCore.Antiforgery.AntiforgeryValidationException: The provided antiforgery token was meant for a different claims-based user than the current user.
   at Microsoft.AspNetCore.Antiforgery.DefaultAntiforgery.ValidateTokens(HttpContext httpContext, AntiforgeryTokenSet antiforgeryTokenSet)
   at Microsoft.AspNetCore.Antiforgery.DefaultAntiforgery.ValidateRequestAsync(HttpContext httpContext)
   at Microsoft.AspNetCore.Mvc.ViewFeatures.Filters.ValidateAntiforgeryTokenAuthorizationFilter.OnAuthorizationAsync(AuthorizationFilterContext context)
2024-05-03 10:11:47.669 +02:00 [INF] Authorization failed for the request at filter 'Microsoft.AspNetCore.Mvc.ViewFeatures.Filters.AutoValidateAntiforgeryTokenAuthorizationFilter'.
2024-05-03 10:11:47.674 +02:00 [INF] Executing StatusCodeResult, setting HTTP status code 400
2024-05-03 10:11:47.675 +02:00 [INF] Executed page /Login in 21.3687ms
2024-05-03 10:11:47.675 +02:00 [INF] Executed endpoint '/Login'
2024-05-03 10:11:47.675 +02:00 [INF] Request finished HTTP/1.1 POST https://localhost:5210/Login application/x-www-form-urlencoded 224 - 400 0 - 24.0421ms
2024-05-03 10:11:47.717 +02:00 [INF] Executed page /Azienda/GestoreAzienda in 215.721ms
2024-05-03 10:11:47.717 +02:00 [INF] Executed endpoint '/Azienda/GestoreAzienda'
2024-05-03 10:11:47.717 +02:00 [INF] Request finished HTTP/1.1 GET https://localhost:5210/Azienda/GestoreAzienda - - - 200 - text/html;+charset=utf-8 227.6101ms
2024-05-03 10:12:49.580 +02:00 [INF] Application is shutting down...
2024-05-03 10:12:52.869 +02:00 [INF] User profile is available. Using '/Users/alessandrogattico/.aspnet/DataProtection-Keys' as key repository; keys will not be encrypted at rest.
2024-05-03 10:12:53.276 +02:00 [INF] Now listening on: https://localhost:5210
2024-05-03 10:12:53.278 +02:00 [INF] Application started. Press Ctrl+C to shut down.
2024-05-03 10:12:53.278 +02:00 [INF] Hosting environment: Development
2024-05-03 10:12:53.278 +02:00 [INF] Content root path: /Volumes/MICIO2/progetti/pissir/pissir/WaterManagerUI
2024-05-03 10:12:53.870 +02:00 [INF] Request starting HTTP/1.1 GET https://localhost:5210/ - -
2024-05-03 10:12:54.149 +02:00 [INF] Executing endpoint '/Index'
2024-05-03 10:12:54.168 +02:00 [INF] Route matched with {page = "/Index", area = ""}. Executing page /Index
2024-05-03 10:12:54.181 +02:00 [INF] Executing handler method WaterManagerUI.Pages.IndexModel.OnGetAsync - ModelState is "Valid"
2024-05-03 10:12:54.187 +02:00 [INF] Executed handler method OnGetAsync, returned result Microsoft.AspNetCore.Mvc.RazorPages.PageResult.
2024-05-03 10:12:54.383 +02:00 [INF] Executed page /Index in 208.6252ms
2024-05-03 10:12:54.384 +02:00 [INF] Executed endpoint '/Index'
2024-05-03 10:12:54.418 +02:00 [INF] Request finished HTTP/1.1 GET https://localhost:5210/ - - - 200 - text/html;+charset=utf-8 549.7183ms
2024-05-03 10:12:57.722 +02:00 [INF] Request starting HTTP/1.1 GET https://localhost:5210/Azienda/GestoreAzienda?userId=2 - -
2024-05-03 10:12:57.742 +02:00 [INF] Executing endpoint '/Azienda/GestoreAzienda'
2024-05-03 10:12:57.745 +02:00 [INF] Route matched with {page = "/Azienda/GestoreAzienda", area = ""}. Executing page /Azienda/GestoreAzienda
2024-05-03 10:12:57.753 +02:00 [INF] Executing handler method WaterManagerUI.Pages.Azienda.GestoreAzienda.OnGetAsync - ModelState is "Valid"
2024-05-03 10:12:57.761 +02:00 [INF] Start processing HTTP request GET http://localhost:8080/api/v1/user/get/ga/2
2024-05-03 10:12:57.764 +02:00 [INF] Sending HTTP request GET http://localhost:8080/api/v1/user/get/ga/2
2024-05-03 10:12:57.952 +02:00 [INF] Received HTTP response headers after 184.4929ms - 401
2024-05-03 10:12:57.953 +02:00 [INF] End processing HTTP request after 194.2633ms - 401
2024-05-03 10:12:57.955 +02:00 [INF] Executed handler method OnGetAsync, returned result .
2024-05-03 10:12:57.958 +02:00 [INF] Executing an implicit handler method - ModelState is "Valid"
2024-05-03 10:12:57.958 +02:00 [INF] Executed an implicit handler method, returned result Microsoft.AspNetCore.Mvc.RazorPages.PageResult.
2024-05-03 10:12:57.975 +02:00 [INF] Executed page /Azienda/GestoreAzienda in 230.2912ms
2024-05-03 10:12:57.976 +02:00 [INF] Executed endpoint '/Azienda/GestoreAzienda'
2024-05-03 10:12:57.985 +02:00 [ERR] An unhandled exception has occurred while executing the request.
System.NullReferenceException: Object reference not set to an instance of an object.
   at WaterManagerUI.Pages.Azienda.Pages_Azienda_GestoreAzienda.ExecuteAsync() in /Volumes/MICIO2/progetti/pissir/pissir/WaterManagerUI/Pages/Azienda/GestoreAzienda.cshtml:line 15
   at Microsoft.AspNetCore.Mvc.Razor.RazorView.RenderPageCoreAsync(IRazorPage page, ViewContext context)
   at Microsoft.AspNetCore.Mvc.Razor.RazorView.RenderPageAsync(IRazorPage page, ViewContext context, Boolean invokeViewStarts)
   at Microsoft.AspNetCore.Mvc.Razor.RazorView.RenderAsync(ViewContext context)
   at Microsoft.AspNetCore.Mvc.ViewFeatures.ViewExecutor.ExecuteAsync(ViewContext viewContext, String contentType, Nullable`1 statusCode)
   at Microsoft.AspNetCore.Mvc.ViewFeatures.ViewExecutor.ExecuteAsync(ViewContext viewContext, String contentType, Nullable`1 statusCode)
   at Microsoft.AspNetCore.Mvc.Infrastructure.ResourceInvoker.<InvokeResultAsync>g__Logged|22_0(ResourceInvoker invoker, IActionResult result)
   at Microsoft.AspNetCore.Mvc.Infrastructure.ResourceInvoker.<InvokeNextResultFilterAsync>g__Awaited|30_0[TFilter,TFilterAsync](ResourceInvoker invoker, Task lastTask, State next, Scope scope, Object state, Boolean isCompleted)
   at Microsoft.AspNetCore.Mvc.Infrastructure.ResourceInvoker.Rethrow(ResultExecutedContextSealed context)
   at Microsoft.AspNetCore.Mvc.Infrastructure.ResourceInvoker.ResultNext[TFilter,TFilterAsync](State& next, Scope& scope, Object& state, Boolean& isCompleted)
   at Microsoft.AspNetCore.Mvc.Infrastructure.ResourceInvoker.InvokeResultFilters()
--- End of stack trace from previous location ---
   at Microsoft.AspNetCore.Mvc.Infrastructure.ResourceInvoker.<InvokeNextResourceFilter>g__Awaited|25_0(ResourceInvoker invoker, Task lastTask, State next, Scope scope, Object state, Boolean isCompleted)
   at Microsoft.AspNetCore.Mvc.Infrastructure.ResourceInvoker.Rethrow(ResourceExecutedContextSealed context)
   at Microsoft.AspNetCore.Mvc.Infrastructure.ResourceInvoker.Next(State& next, Scope& scope, Object& state, Boolean& isCompleted)
   at Microsoft.AspNetCore.Mvc.Infrastructure.ResourceInvoker.<InvokeFilterPipelineAsync>g__Awaited|20_0(ResourceInvoker invoker, Task lastTask, State next, Scope scope, Object state, Boolean isCompleted)
   at Microsoft.AspNetCore.Mvc.Infrastructure.ResourceInvoker.<InvokeAsync>g__Logged|17_1(ResourceInvoker invoker)
   at Microsoft.AspNetCore.Mvc.Infrastructure.ResourceInvoker.<InvokeAsync>g__Logged|17_1(ResourceInvoker invoker)
   at Microsoft.AspNetCore.Routing.EndpointMiddleware.<Invoke>g__AwaitRequestTask|6_0(Endpoint endpoint, Task requestTask, ILogger logger)
   at Microsoft.AspNetCore.Authorization.AuthorizationMiddleware.Invoke(HttpContext context)
   at Microsoft.AspNetCore.Authentication.AuthenticationMiddleware.Invoke(HttpContext context)
   at Microsoft.AspNetCore.Session.SessionMiddleware.Invoke(HttpContext context)
   at Microsoft.AspNetCore.Session.SessionMiddleware.Invoke(HttpContext context)
   at Microsoft.AspNetCore.Diagnostics.DeveloperExceptionPageMiddlewareImpl.Invoke(HttpContext context)
2024-05-03 10:12:58.031 +02:00 [INF] Request finished HTTP/1.1 GET https://localhost:5210/Azienda/GestoreAzienda?userId=2 - - - 500 - text/html;+charset=utf-8 308.5595ms
2024-05-03 10:13:00.286 +02:00 [INF] Request starting HTTP/1.1 GET https://localhost:5210/ - -
2024-05-03 10:13:00.308 +02:00 [INF] Executing endpoint '/Index'
2024-05-03 10:13:00.308 +02:00 [INF] Route matched with {page = "/Index", area = ""}. Executing page /Index
2024-05-03 10:13:00.309 +02:00 [INF] Executing handler method WaterManagerUI.Pages.IndexModel.OnGetAsync - ModelState is "Valid"
2024-05-03 10:13:00.309 +02:00 [INF] Executed handler method OnGetAsync, returned result Microsoft.AspNetCore.Mvc.RazorPages.PageResult.
2024-05-03 10:13:00.315 +02:00 [INF] Executed page /Index in 6.7305ms
2024-05-03 10:13:00.316 +02:00 [INF] Executed endpoint '/Index'
2024-05-03 10:13:00.317 +02:00 [INF] Request finished HTTP/1.1 GET https://localhost:5210/ - - - 200 - text/html;+charset=utf-8 31.1355ms
2024-05-03 10:13:01.885 +02:00 [INF] Request starting HTTP/1.1 POST https://localhost:5210/Logout application/x-www-form-urlencoded 225
2024-05-03 10:13:01.890 +02:00 [INF] Executing endpoint '/Logout'
2024-05-03 10:13:01.894 +02:00 [INF] Route matched with {page = "/Logout", area = ""}. Executing page /Logout
2024-05-03 10:13:01.902 +02:00 [INF] Executing handler method WaterManagerUI.Pages.Logout.OnPostAsync - ModelState is "Valid"
2024-05-03 10:13:01.909 +02:00 [INF] AuthenticationScheme: Identity.Application signed out.
2024-05-03 10:13:01.909 +02:00 [INF] Executed handler method OnPostAsync, returned result Microsoft.AspNetCore.Mvc.RedirectToPageResult.
2024-05-03 10:13:01.909 +02:00 [INF] Executing RedirectToPageResult, redirecting to /Index.
2024-05-03 10:13:01.909 +02:00 [INF] Executed page /Logout in 14.858ms
2024-05-03 10:13:01.909 +02:00 [INF] Executed endpoint '/Logout'
2024-05-03 10:13:01.910 +02:00 [INF] Request finished HTTP/1.1 POST https://localhost:5210/Logout application/x-www-form-urlencoded 225 - 302 0 - 24.8590ms
2024-05-03 10:13:01.914 +02:00 [INF] Request starting HTTP/1.1 GET https://localhost:5210/ - -
2024-05-03 10:13:01.915 +02:00 [INF] Executing endpoint '/Index'
2024-05-03 10:13:01.915 +02:00 [INF] Route matched with {page = "/Index", area = ""}. Executing page /Index
2024-05-03 10:13:01.915 +02:00 [INF] Executing handler method WaterManagerUI.Pages.IndexModel.OnGetAsync - ModelState is "Valid"
2024-05-03 10:13:01.915 +02:00 [INF] Executed handler method OnGetAsync, returned result Microsoft.AspNetCore.Mvc.RazorPages.PageResult.
2024-05-03 10:13:01.919 +02:00 [INF] Executed page /Index in 3.8838ms
2024-05-03 10:13:01.919 +02:00 [INF] Executed endpoint '/Index'
2024-05-03 10:13:01.919 +02:00 [INF] Request finished HTTP/1.1 GET https://localhost:5210/ - - - 200 - text/html;+charset=utf-8 4.5817ms
2024-05-03 10:13:02.671 +02:00 [INF] Request starting HTTP/1.1 GET https://localhost:5210/Login - -
2024-05-03 10:13:02.671 +02:00 [INF] Executing endpoint '/Login'
2024-05-03 10:13:02.685 +02:00 [INF] Route matched with {page = "/Login", area = ""}. Executing page /Login
2024-05-03 10:13:02.695 +02:00 [INF] Executing an implicit handler method - ModelState is "Valid"
2024-05-03 10:13:02.695 +02:00 [INF] Executed an implicit handler method, returned result Microsoft.AspNetCore.Mvc.RazorPages.PageResult.
2024-05-03 10:13:02.731 +02:00 [INF] Executed page /Login in 45.2865ms
2024-05-03 10:13:02.731 +02:00 [INF] Executed endpoint '/Login'
2024-05-03 10:13:02.731 +02:00 [INF] Request finished HTTP/1.1 GET https://localhost:5210/Login - - - 200 - text/html;+charset=utf-8 60.1833ms
2024-05-03 10:13:07.202 +02:00 [INF] Request starting HTTP/1.1 POST https://localhost:5210/Login application/x-www-form-urlencoded 224
2024-05-03 10:13:07.202 +02:00 [INF] Executing endpoint '/Login'
2024-05-03 10:13:07.202 +02:00 [INF] Route matched with {page = "/Login", area = ""}. Executing page /Login
2024-05-03 10:13:07.233 +02:00 [INF] Executing handler method WaterManagerUI.Pages.Login.OnPostAsync - ModelState is "Valid"
2024-05-03 10:13:07.241 +02:00 [INF] Login user: micio
2024-05-03 10:13:08.496 +02:00 [INF] Login micio succsessful
2024-05-03 10:13:08.631 +02:00 [INF] User role GESTOREAZIENDA
2024-05-03 10:13:08.633 +02:00 [INF] AuthenticationScheme: Identity.Application signed in.
2024-05-03 10:13:08.634 +02:00 [INF] Executed handler method OnPostAsync, returned result Microsoft.AspNetCore.Mvc.RedirectToPageResult.
2024-05-03 10:13:08.634 +02:00 [INF] Executing RedirectToPageResult, redirecting to /Azienda/GestoreAzienda.
2024-05-03 10:13:08.634 +02:00 [INF] Executed page /Login in 1432.0345ms
2024-05-03 10:13:08.634 +02:00 [INF] Executed endpoint '/Login'
2024-05-03 10:13:08.635 +02:00 [INF] Request finished HTTP/1.1 POST https://localhost:5210/Login application/x-www-form-urlencoded 224 - 302 0 - 1433.0389ms
2024-05-03 10:13:08.639 +02:00 [INF] Request starting HTTP/1.1 GET https://localhost:5210/Azienda/GestoreAzienda - -
2024-05-03 10:13:08.641 +02:00 [INF] Executing endpoint '/Azienda/GestoreAzienda'
2024-05-03 10:13:08.641 +02:00 [INF] Route matched with {page = "/Azienda/GestoreAzienda", area = ""}. Executing page /Azienda/GestoreAzienda
2024-05-03 10:13:08.641 +02:00 [INF] Executing handler method WaterManagerUI.Pages.Azienda.GestoreAzienda.OnGetAsync - ModelState is "Valid"
2024-05-03 10:13:08.641 +02:00 [INF] Start processing HTTP request GET http://localhost:8080/api/v1/user/get/ga/2
2024-05-03 10:13:08.641 +02:00 [INF] Sending HTTP request GET http://localhost:8080/api/v1/user/get/ga/2
2024-05-03 10:13:08.709 +02:00 [INF] Received HTTP response headers after 67.4649ms - 200
2024-05-03 10:13:08.709 +02:00 [INF] End processing HTTP request after 67.6456ms - 200
2024-05-03 10:13:08.710 +02:00 [INF] Executed handler method OnGetAsync, returned result .
2024-05-03 10:13:08.710 +02:00 [INF] Executing an implicit handler method - ModelState is "Valid"
2024-05-03 10:13:08.710 +02:00 [INF] Executed an implicit handler method, returned result Microsoft.AspNetCore.Mvc.RazorPages.PageResult.
2024-05-03 10:13:08.725 +02:00 [INF] Executed page /Azienda/GestoreAzienda in 84.4364ms
2024-05-03 10:13:08.725 +02:00 [INF] Executed endpoint '/Azienda/GestoreAzienda'
2024-05-03 10:13:08.726 +02:00 [INF] Request finished HTTP/1.1 GET https://localhost:5210/Azienda/GestoreAzienda - - - 200 - text/html;+charset=utf-8 86.0020ms
2024-05-03 10:13:12.786 +02:00 [INF] Request starting HTTP/1.1 GET https://localhost:5210/Azienda/Visualizza/campagna/campo/VisualizzaCampiAzienda?aziendaId=2 - -
2024-05-03 10:13:12.787 +02:00 [INF] Executing endpoint '/Azienda/Visualizza/campagna/campo/VisualizzaCampiAzienda'
2024-05-03 10:13:12.793 +02:00 [INF] Route matched with {page = "/Azienda/Visualizza/campagna/campo/VisualizzaCampiAzienda", area = ""}. Executing page /Azienda/Visualizza/campagna/campo/VisualizzaCampiAzienda
2024-05-03 10:13:12.796 +02:00 [INF] Executing handler method WaterManagerUI.Pages.VisualizzaCampiAzienda.OnGetAsync - ModelState is "Valid"
2024-05-03 10:13:12.799 +02:00 [INF] Start processing HTTP request GET http://localhost:8080/api/v1/azienda/get/2
2024-05-03 10:13:12.799 +02:00 [INF] Sending HTTP request GET http://localhost:8080/api/v1/azienda/get/2
2024-05-03 10:13:12.909 +02:00 [INF] Received HTTP response headers after 110.122ms - 200
2024-05-03 10:13:12.910 +02:00 [INF] End processing HTTP request after 110.5941ms - 200
2024-05-03 10:13:12.912 +02:00 [INF] Executed handler method OnGetAsync, returned result .
2024-05-03 10:13:12.913 +02:00 [INF] Executing an implicit handler method - ModelState is "Valid"
2024-05-03 10:13:12.913 +02:00 [INF] Executed an implicit handler method, returned result Microsoft.AspNetCore.Mvc.RazorPages.PageResult.
2024-05-03 10:13:12.943 +02:00 [INF] Executed page /Azienda/Visualizza/campagna/campo/VisualizzaCampiAzienda in 149.1906ms
2024-05-03 10:13:12.943 +02:00 [INF] Executed endpoint '/Azienda/Visualizza/campagna/campo/VisualizzaCampiAzienda'
2024-05-03 10:13:12.943 +02:00 [INF] Request finished HTTP/1.1 GET https://localhost:5210/Azienda/Visualizza/campagna/campo/VisualizzaCampiAzienda?aziendaId=2 - - - 200 - text/html;+charset=utf-8 156.5764ms
2024-05-03 10:13:16.201 +02:00 [INF] Request starting HTTP/1.1 GET https://localhost:5210/Azienda/Visualizza/campagna/campo/VisualizzaCampo?campoId=8 - -
2024-05-03 10:13:16.207 +02:00 [INF] Executing endpoint '/Azienda/Visualizza/campagna/campo/VisualizzaCampo'
2024-05-03 10:13:16.211 +02:00 [INF] Route matched with {page = "/Azienda/Visualizza/campagna/campo/VisualizzaCampo", area = ""}. Executing page /Azienda/Visualizza/campagna/campo/VisualizzaCampo
2024-05-03 10:13:16.212 +02:00 [INF] Executing handler method WaterManagerUI.Pages.VisualizzaCampo.OnGetAsync - ModelState is "Valid"
2024-05-03 10:13:16.214 +02:00 [INF] Start processing HTTP request GET http://localhost:8080/api/v1/azienda/campo/get/8
2024-05-03 10:13:16.214 +02:00 [INF] Sending HTTP request GET http://localhost:8080/api/v1/azienda/campo/get/8
2024-05-03 10:13:16.238 +02:00 [INF] Received HTTP response headers after 23.6547ms - 200
2024-05-03 10:13:16.238 +02:00 [INF] End processing HTTP request after 24.1522ms - 200
2024-05-03 10:13:16.239 +02:00 [INF] Executed handler method OnGetAsync, returned result .
2024-05-03 10:13:16.239 +02:00 [INF] Executing an implicit handler method - ModelState is "Valid"
2024-05-03 10:13:16.239 +02:00 [INF] Executed an implicit handler method, returned result Microsoft.AspNetCore.Mvc.RazorPages.PageResult.
2024-05-03 10:13:16.265 +02:00 [INF] Executed page /Azienda/Visualizza/campagna/campo/VisualizzaCampo in 54.0679ms
2024-05-03 10:13:16.265 +02:00 [INF] Executed endpoint '/Azienda/Visualizza/campagna/campo/VisualizzaCampo'
2024-05-03 10:13:16.265 +02:00 [INF] Request finished HTTP/1.1 GET https://localhost:5210/Azienda/Visualizza/campagna/campo/VisualizzaCampo?campoId=8 - - - 200 - text/html;+charset=utf-8 63.6365ms
2024-05-03 10:13:16.274 +02:00 [INF] Request starting HTTP/1.1 GET https://localhost:5210/css/Visualizza.css - -
2024-05-03 10:13:16.277 +02:00 [INF] Request finished HTTP/1.1 GET https://localhost:5210/css/Visualizza.css - - - 404 0 - 2.1152ms
2024-05-03 10:13:18.034 +02:00 [INF] Request starting HTTP/1.1 GET https://localhost:5210/Azienda/Crea/CreaSensore?campoId=8 - -
2024-05-03 10:13:18.035 +02:00 [INF] Executing endpoint '/Azienda/Crea/CreaSensore'
2024-05-03 10:13:18.040 +02:00 [INF] Route matched with {page = "/Azienda/Crea/CreaSensore", area = ""}. Executing page /Azienda/Crea/CreaSensore
2024-05-03 10:13:18.041 +02:00 [INF] Executing handler method WaterManagerUI.Pages.CreaSensore.OnGetAsync - ModelState is "Valid"
2024-05-03 10:13:18.043 +02:00 [INF] Start processing HTTP request GET http://localhost:8080/api/v1/utils/sensorTypes/get/all
2024-05-03 10:13:18.043 +02:00 [INF] Sending HTTP request GET http://localhost:8080/api/v1/utils/sensorTypes/get/all
2024-05-03 10:13:18.072 +02:00 [INF] Received HTTP response headers after 28.5926ms - 200
2024-05-03 10:13:18.072 +02:00 [INF] End processing HTTP request after 28.941ms - 200
2024-05-03 10:13:18.074 +02:00 [INF] Executed handler method OnGetAsync, returned result .
2024-05-03 10:13:18.074 +02:00 [INF] Executing an implicit handler method - ModelState is "Valid"
2024-05-03 10:13:18.074 +02:00 [INF] Executed an implicit handler method, returned result Microsoft.AspNetCore.Mvc.RazorPages.PageResult.
2024-05-03 10:13:18.098 +02:00 [INF] Executed page /Azienda/Crea/CreaSensore in 57.3319ms
2024-05-03 10:13:18.098 +02:00 [INF] Executed endpoint '/Azienda/Crea/CreaSensore'
2024-05-03 10:13:18.098 +02:00 [INF] Request finished HTTP/1.1 GET https://localhost:5210/Azienda/Crea/CreaSensore?campoId=8 - - - 200 - text/html;+charset=utf-8 63.8340ms
2024-05-03 10:13:24.349 +02:00 [INF] Request starting HTTP/1.1 POST https://localhost:5210/Azienda/Crea/CreaSensore?campoId=8 application/x-www-form-urlencoded 254
2024-05-03 10:13:24.355 +02:00 [INF] Executing endpoint '/Azienda/Crea/CreaSensore'
2024-05-03 10:13:24.355 +02:00 [INF] Route matched with {page = "/Azienda/Crea/CreaSensore", area = ""}. Executing page /Azienda/Crea/CreaSensore
2024-05-03 10:13:24.359 +02:00 [INF] Executing handler method WaterManagerUI.Pages.CreaSensore.OnPostAsync - ModelState is "Valid"
2024-05-03 10:13:24.368 +02:00 [INF] Start processing HTTP request POST http://localhost:8080/api/v1/azienda/sensore/add
2024-05-03 10:13:24.368 +02:00 [INF] Sending HTTP request POST http://localhost:8080/api/v1/azienda/sensore/add
2024-05-03 10:13:24.435 +02:00 [INF] Received HTTP response headers after 66.278ms - 200
2024-05-03 10:13:24.435 +02:00 [INF] End processing HTTP request after 66.8602ms - 200
2024-05-03 10:13:24.438 +02:00 [INF] Executed handler method OnPostAsync, returned result Microsoft.AspNetCore.Mvc.RedirectToPageResult.
2024-05-03 10:13:24.440 +02:00 [INF] Executing RedirectToPageResult, redirecting to /Azienda/Visualizza/campagna/campo/sensori/VisualizzaSensori.
2024-05-03 10:13:24.440 +02:00 [INF] Executed page /Azienda/Crea/CreaSensore in 84.9333ms
2024-05-03 10:13:24.440 +02:00 [INF] Executed endpoint '/Azienda/Crea/CreaSensore'
2024-05-03 10:13:24.441 +02:00 [INF] Request finished HTTP/1.1 POST https://localhost:5210/Azienda/Crea/CreaSensore?campoId=8 application/x-www-form-urlencoded 254 - 302 0 - 91.5009ms
2024-05-03 10:13:24.444 +02:00 [INF] Request starting HTTP/1.1 GET https://localhost:5210/Azienda/Visualizza/campagna/campo/sensori/VisualizzaSensori?campoId=8 - -
2024-05-03 10:13:24.445 +02:00 [INF] Executing endpoint '/Azienda/Visualizza/campagna/campo/sensori/VisualizzaSensori'
2024-05-03 10:13:24.450 +02:00 [INF] Route matched with {page = "/Azienda/Visualizza/campagna/campo/sensori/VisualizzaSensori", area = ""}. Executing page /Azienda/Visualizza/campagna/campo/sensori/VisualizzaSensori
2024-05-03 10:13:24.451 +02:00 [INF] Executing handler method WaterManagerUI.Pages.VisualizzaSensori.OnGetAsync - ModelState is "Valid"
2024-05-03 10:13:24.455 +02:00 [INF] Start processing HTTP request GET http://localhost:8080/api/v1/azienda/campo/get/8
2024-05-03 10:13:24.455 +02:00 [INF] Sending HTTP request GET http://localhost:8080/api/v1/azienda/campo/get/8
2024-05-03 10:13:24.484 +02:00 [INF] Received HTTP response headers after 29.0788ms - 200
2024-05-03 10:13:24.484 +02:00 [INF] End processing HTTP request after 29.513ms - 200
2024-05-03 10:13:24.485 +02:00 [INF] Executed handler method OnGetAsync, returned result .
2024-05-03 10:13:24.485 +02:00 [INF] Executing an implicit handler method - ModelState is "Valid"
2024-05-03 10:13:24.485 +02:00 [INF] Executed an implicit handler method, returned result Microsoft.AspNetCore.Mvc.RazorPages.PageResult.
2024-05-03 10:13:24.522 +02:00 [INF] Executed page /Azienda/Visualizza/campagna/campo/sensori/VisualizzaSensori in 71.8769ms
2024-05-03 10:13:24.522 +02:00 [INF] Executed endpoint '/Azienda/Visualizza/campagna/campo/sensori/VisualizzaSensori'
2024-05-03 10:13:24.522 +02:00 [INF] Request finished HTTP/1.1 GET https://localhost:5210/Azienda/Visualizza/campagna/campo/sensori/VisualizzaSensori?campoId=8 - - - 200 - text/html;+charset=utf-8 78.5391ms
2024-05-03 10:13:24.536 +02:00 [INF] Request starting HTTP/1.1 GET https://localhost:5210/css/Visualizza.css - -
2024-05-03 10:13:24.537 +02:00 [INF] Request finished HTTP/1.1 GET https://localhost:5210/css/Visualizza.css - - - 404 0 - 1.2790ms
2024-05-03 10:13:26.634 +02:00 [INF] Request starting HTTP/1.1 GET https://localhost:5210/Azienda/Crea/CreaSensore?campoId=8 - -
2024-05-03 10:13:26.635 +02:00 [INF] Executing endpoint '/Azienda/Crea/CreaSensore'
2024-05-03 10:13:26.635 +02:00 [INF] Route matched with {page = "/Azienda/Crea/CreaSensore", area = ""}. Executing page /Azienda/Crea/CreaSensore
2024-05-03 10:13:26.636 +02:00 [INF] Executing handler method WaterManagerUI.Pages.CreaSensore.OnGetAsync - ModelState is "Valid"
2024-05-03 10:13:26.636 +02:00 [INF] Start processing HTTP request GET http://localhost:8080/api/v1/utils/sensorTypes/get/all
2024-05-03 10:13:26.637 +02:00 [INF] Sending HTTP request GET http://localhost:8080/api/v1/utils/sensorTypes/get/all
2024-05-03 10:13:26.669 +02:00 [INF] Received HTTP response headers after 32.185ms - 200
2024-05-03 10:13:26.669 +02:00 [INF] End processing HTTP request after 32.725ms - 200
2024-05-03 10:13:26.669 +02:00 [INF] Executed handler method OnGetAsync, returned result .
2024-05-03 10:13:26.670 +02:00 [INF] Executing an implicit handler method - ModelState is "Valid"
2024-05-03 10:13:26.670 +02:00 [INF] Executed an implicit handler method, returned result Microsoft.AspNetCore.Mvc.RazorPages.PageResult.
2024-05-03 10:13:26.672 +02:00 [INF] Executed page /Azienda/Crea/CreaSensore in 36.4699ms
2024-05-03 10:13:26.672 +02:00 [INF] Executed endpoint '/Azienda/Crea/CreaSensore'
2024-05-03 10:13:26.672 +02:00 [INF] Request finished HTTP/1.1 GET https://localhost:5210/Azienda/Crea/CreaSensore?campoId=8 - - - 200 - text/html;+charset=utf-8 38.1915ms
2024-05-03 10:13:31.352 +02:00 [INF] Request starting HTTP/1.1 POST https://localhost:5210/Azienda/Crea/CreaSensore?campoId=8 application/x-www-form-urlencoded 253
2024-05-03 10:13:31.353 +02:00 [INF] Executing endpoint '/Azienda/Crea/CreaSensore'
2024-05-03 10:13:31.353 +02:00 [INF] Route matched with {page = "/Azienda/Crea/CreaSensore", area = ""}. Executing page /Azienda/Crea/CreaSensore
2024-05-03 10:13:31.354 +02:00 [INF] Executing handler method WaterManagerUI.Pages.CreaSensore.OnPostAsync - ModelState is "Valid"
2024-05-03 10:13:31.354 +02:00 [INF] Start processing HTTP request POST http://localhost:8080/api/v1/azienda/sensore/add
2024-05-03 10:13:31.354 +02:00 [INF] Sending HTTP request POST http://localhost:8080/api/v1/azienda/sensore/add
2024-05-03 10:13:31.391 +02:00 [INF] Received HTTP response headers after 36.7819ms - 200
2024-05-03 10:13:31.391 +02:00 [INF] End processing HTTP request after 37.0914ms - 200
2024-05-03 10:13:31.392 +02:00 [INF] Executed handler method OnPostAsync, returned result Microsoft.AspNetCore.Mvc.RedirectToPageResult.
2024-05-03 10:13:31.392 +02:00 [INF] Executing RedirectToPageResult, redirecting to /Azienda/Visualizza/campagna/campo/sensori/VisualizzaSensori.
2024-05-03 10:13:31.392 +02:00 [INF] Executed page /Azienda/Crea/CreaSensore in 38.9599ms
2024-05-03 10:13:31.392 +02:00 [INF] Executed endpoint '/Azienda/Crea/CreaSensore'
2024-05-03 10:13:31.393 +02:00 [INF] Request finished HTTP/1.1 POST https://localhost:5210/Azienda/Crea/CreaSensore?campoId=8 application/x-www-form-urlencoded 253 - 302 0 - 40.5905ms
2024-05-03 10:13:31.395 +02:00 [INF] Request starting HTTP/1.1 GET https://localhost:5210/Azienda/Visualizza/campagna/campo/sensori/VisualizzaSensori?campoId=8 - -
2024-05-03 10:13:31.398 +02:00 [INF] Executing endpoint '/Azienda/Visualizza/campagna/campo/sensori/VisualizzaSensori'
2024-05-03 10:13:31.398 +02:00 [INF] Route matched with {page = "/Azienda/Visualizza/campagna/campo/sensori/VisualizzaSensori", area = ""}. Executing page /Azienda/Visualizza/campagna/campo/sensori/VisualizzaSensori
2024-05-03 10:13:31.398 +02:00 [INF] Executing handler method WaterManagerUI.Pages.VisualizzaSensori.OnGetAsync - ModelState is "Valid"
2024-05-03 10:13:31.399 +02:00 [INF] Start processing HTTP request GET http://localhost:8080/api/v1/azienda/campo/get/8
2024-05-03 10:13:31.399 +02:00 [INF] Sending HTTP request GET http://localhost:8080/api/v1/azienda/campo/get/8
2024-05-03 10:13:31.449 +02:00 [INF] Received HTTP response headers after 50.6394ms - 200
2024-05-03 10:13:31.450 +02:00 [INF] End processing HTTP request after 51.1035ms - 200
2024-05-03 10:13:31.450 +02:00 [INF] Executed handler method OnGetAsync, returned result .
2024-05-03 10:13:31.450 +02:00 [INF] Executing an implicit handler method - ModelState is "Valid"
2024-05-03 10:13:31.450 +02:00 [INF] Executed an implicit handler method, returned result Microsoft.AspNetCore.Mvc.RazorPages.PageResult.
2024-05-03 10:13:31.452 +02:00 [INF] Executed page /Azienda/Visualizza/campagna/campo/sensori/VisualizzaSensori in 54.2149ms
2024-05-03 10:13:31.452 +02:00 [INF] Executed endpoint '/Azienda/Visualizza/campagna/campo/sensori/VisualizzaSensori'
2024-05-03 10:13:31.452 +02:00 [INF] Request finished HTTP/1.1 GET https://localhost:5210/Azienda/Visualizza/campagna/campo/sensori/VisualizzaSensori?campoId=8 - - - 200 - text/html;+charset=utf-8 56.8528ms
2024-05-03 10:13:31.464 +02:00 [INF] Request starting HTTP/1.1 GET https://localhost:5210/css/Visualizza.css - -
2024-05-03 10:13:31.465 +02:00 [INF] Request finished HTTP/1.1 GET https://localhost:5210/css/Visualizza.css - - - 404 0 - 1.3354ms
2024-05-03 10:13:33.452 +02:00 [INF] Request starting HTTP/1.1 GET https://localhost:5210/Azienda/Crea/CreaSensore?campoId=8 - -
2024-05-03 10:13:33.453 +02:00 [INF] Executing endpoint '/Azienda/Crea/CreaSensore'
2024-05-03 10:13:33.453 +02:00 [INF] Route matched with {page = "/Azienda/Crea/CreaSensore", area = ""}. Executing page /Azienda/Crea/CreaSensore
2024-05-03 10:13:33.454 +02:00 [INF] Executing handler method WaterManagerUI.Pages.CreaSensore.OnGetAsync - ModelState is "Valid"
2024-05-03 10:13:33.454 +02:00 [INF] Start processing HTTP request GET http://localhost:8080/api/v1/utils/sensorTypes/get/all
2024-05-03 10:13:33.454 +02:00 [INF] Sending HTTP request GET http://localhost:8080/api/v1/utils/sensorTypes/get/all
2024-05-03 10:13:33.478 +02:00 [INF] Received HTTP response headers after 24.0335ms - 200
2024-05-03 10:13:33.478 +02:00 [INF] End processing HTTP request after 24.4123ms - 200
2024-05-03 10:13:33.479 +02:00 [INF] Executed handler method OnGetAsync, returned result .
2024-05-03 10:13:33.479 +02:00 [INF] Executing an implicit handler method - ModelState is "Valid"
2024-05-03 10:13:33.479 +02:00 [INF] Executed an implicit handler method, returned result Microsoft.AspNetCore.Mvc.RazorPages.PageResult.
2024-05-03 10:13:33.482 +02:00 [INF] Executed page /Azienda/Crea/CreaSensore in 28.8614ms
2024-05-03 10:13:33.483 +02:00 [INF] Executed endpoint '/Azienda/Crea/CreaSensore'
2024-05-03 10:13:33.483 +02:00 [INF] Request finished HTTP/1.1 GET https://localhost:5210/Azienda/Crea/CreaSensore?campoId=8 - - - 200 - text/html;+charset=utf-8 30.6011ms
2024-05-03 10:13:39.302 +02:00 [INF] Request starting HTTP/1.1 POST https://localhost:5210/Azienda/Crea/CreaSensore?campoId=8 application/x-www-form-urlencoded 247
2024-05-03 10:13:39.304 +02:00 [INF] Executing endpoint '/Azienda/Crea/CreaSensore'
2024-05-03 10:13:39.304 +02:00 [INF] Route matched with {page = "/Azienda/Crea/CreaSensore", area = ""}. Executing page /Azienda/Crea/CreaSensore
2024-05-03 10:13:39.305 +02:00 [INF] Executing handler method WaterManagerUI.Pages.CreaSensore.OnPostAsync - ModelState is "Valid"
2024-05-03 10:13:39.305 +02:00 [INF] Start processing HTTP request POST http://localhost:8080/api/v1/azienda/sensore/add
2024-05-03 10:13:39.305 +02:00 [INF] Sending HTTP request POST http://localhost:8080/api/v1/azienda/sensore/add
2024-05-03 10:13:39.337 +02:00 [INF] Received HTTP response headers after 31.524ms - 200
2024-05-03 10:13:39.337 +02:00 [INF] End processing HTTP request after 31.8322ms - 200
2024-05-03 10:13:39.337 +02:00 [INF] Executed handler method OnPostAsync, returned result Microsoft.AspNetCore.Mvc.RedirectToPageResult.
2024-05-03 10:13:39.337 +02:00 [INF] Executing RedirectToPageResult, redirecting to /Azienda/Visualizza/campagna/campo/sensori/VisualizzaSensori.
2024-05-03 10:13:39.338 +02:00 [INF] Executed page /Azienda/Crea/CreaSensore in 33.6448ms
2024-05-03 10:13:39.338 +02:00 [INF] Executed endpoint '/Azienda/Crea/CreaSensore'
2024-05-03 10:13:39.338 +02:00 [INF] Request finished HTTP/1.1 POST https://localhost:5210/Azienda/Crea/CreaSensore?campoId=8 application/x-www-form-urlencoded 247 - 302 0 - 35.6142ms
2024-05-03 10:13:39.341 +02:00 [INF] Request starting HTTP/1.1 GET https://localhost:5210/Azienda/Visualizza/campagna/campo/sensori/VisualizzaSensori?campoId=8 - -
2024-05-03 10:13:39.342 +02:00 [INF] Executing endpoint '/Azienda/Visualizza/campagna/campo/sensori/VisualizzaSensori'
2024-05-03 10:13:39.343 +02:00 [INF] Route matched with {page = "/Azienda/Visualizza/campagna/campo/sensori/VisualizzaSensori", area = ""}. Executing page /Azienda/Visualizza/campagna/campo/sensori/VisualizzaSensori
2024-05-03 10:13:39.343 +02:00 [INF] Executing handler method WaterManagerUI.Pages.VisualizzaSensori.OnGetAsync - ModelState is "Valid"
2024-05-03 10:13:39.343 +02:00 [INF] Start processing HTTP request GET http://localhost:8080/api/v1/azienda/campo/get/8
2024-05-03 10:13:39.343 +02:00 [INF] Sending HTTP request GET http://localhost:8080/api/v1/azienda/campo/get/8
2024-05-03 10:13:39.417 +02:00 [INF] Received HTTP response headers after 73.2811ms - 200
2024-05-03 10:13:39.417 +02:00 [INF] End processing HTTP request after 73.6507ms - 200
2024-05-03 10:13:39.417 +02:00 [INF] Executed handler method OnGetAsync, returned result .
2024-05-03 10:13:39.417 +02:00 [INF] Executing an implicit handler method - ModelState is "Valid"
2024-05-03 10:13:39.417 +02:00 [INF] Executed an implicit handler method, returned result Microsoft.AspNetCore.Mvc.RazorPages.PageResult.
2024-05-03 10:13:39.421 +02:00 [INF] Executed page /Azienda/Visualizza/campagna/campo/sensori/VisualizzaSensori in 77.9145ms
2024-05-03 10:13:39.421 +02:00 [INF] Executed endpoint '/Azienda/Visualizza/campagna/campo/sensori/VisualizzaSensori'
2024-05-03 10:13:39.422 +02:00 [INF] Request finished HTTP/1.1 GET https://localhost:5210/Azienda/Visualizza/campagna/campo/sensori/VisualizzaSensori?campoId=8 - - - 200 - text/html;+charset=utf-8 80.0887ms
2024-05-03 10:13:39.438 +02:00 [INF] Request starting HTTP/1.1 GET https://localhost:5210/css/Visualizza.css - -
2024-05-03 10:13:39.439 +02:00 [INF] Request finished HTTP/1.1 GET https://localhost:5210/css/Visualizza.css - - - 404 0 - 0.9973ms
2024-05-03 10:13:42.497 +02:00 [INF] Request starting HTTP/1.1 POST https://localhost:5210/Logout application/x-www-form-urlencoded 225
2024-05-03 10:13:42.498 +02:00 [INF] Executing endpoint '/Logout'
2024-05-03 10:13:42.498 +02:00 [INF] Route matched with {page = "/Logout", area = ""}. Executing page /Logout
2024-05-03 10:13:42.499 +02:00 [INF] Executing handler method WaterManagerUI.Pages.Logout.OnPostAsync - ModelState is "Valid"
2024-05-03 10:13:42.499 +02:00 [INF] AuthenticationScheme: Identity.Application signed out.
2024-05-03 10:13:42.499 +02:00 [INF] Executed handler method OnPostAsync, returned result Microsoft.AspNetCore.Mvc.RedirectToPageResult.
2024-05-03 10:13:42.499 +02:00 [INF] Executing RedirectToPageResult, redirecting to /Index.
2024-05-03 10:13:42.499 +02:00 [INF] Executed page /Logout in 1.1988ms
2024-05-03 10:13:42.499 +02:00 [INF] Executed endpoint '/Logout'
2024-05-03 10:13:42.500 +02:00 [INF] Request finished HTTP/1.1 POST https://localhost:5210/Logout application/x-www-form-urlencoded 225 - 302 0 - 2.6524ms
2024-05-03 10:13:42.503 +02:00 [INF] Request starting HTTP/1.1 GET https://localhost:5210/ - -
2024-05-03 10:13:42.503 +02:00 [INF] Executing endpoint '/Index'
2024-05-03 10:13:42.503 +02:00 [INF] Route matched with {page = "/Index", area = ""}. Executing page /Index
2024-05-03 10:13:42.503 +02:00 [INF] Executing handler method WaterManagerUI.Pages.IndexModel.OnGetAsync - ModelState is "Valid"
2024-05-03 10:13:42.503 +02:00 [INF] Executed handler method OnGetAsync, returned result Microsoft.AspNetCore.Mvc.RazorPages.PageResult.
2024-05-03 10:13:42.505 +02:00 [INF] Executed page /Index in 1.489ms
2024-05-03 10:13:42.505 +02:00 [INF] Executed endpoint '/Index'
2024-05-03 10:13:42.505 +02:00 [INF] Request finished HTTP/1.1 GET https://localhost:5210/ - - - 200 - text/html;+charset=utf-8 2.3289ms
