2024-03-30 16:06:40.024 +01:00 [INF] User profile is available. Using '/Users/alessandrogattico/.aspnet/DataProtection-Keys' as key repository; keys will not be encrypted at rest.
2024-03-30 16:06:40.307 +01:00 [INF] Now listening on: https://localhost:5210
2024-03-30 16:06:40.308 +01:00 [INF] Application started. Press Ctrl+C to shut down.
2024-03-30 16:06:40.308 +01:00 [INF] Hosting environment: Development
2024-03-30 16:06:40.308 +01:00 [INF] Content root path: /Users/alessandrogattico/Documents/progetti/PissirProj/WaterManagerUI
2024-03-30 16:06:40.608 +01:00 [INF] Request starting HTTP/1.1 GET https://localhost:5210/ - -
2024-03-30 16:06:40.629 +01:00 [INF] Executing endpoint '/Index'
2024-03-30 16:06:40.647 +01:00 [INF] Route matched with {page = "/Index", area = ""}. Executing page /Index
2024-03-30 16:06:40.656 +01:00 [INF] Executing handler method WaterManagerUI.Pages.IndexModel.OnGetAsync - ModelState is "Valid"
2024-03-30 16:06:40.661 +01:00 [INF] Executed handler method OnGetAsync, returned result Microsoft.AspNetCore.Mvc.RazorPages.PageResult.
2024-03-30 16:06:40.892 +01:00 [INF] Executed page /Index in 243.0547ms
2024-03-30 16:06:40.893 +01:00 [INF] Executed endpoint '/Index'
2024-03-30 16:06:40.895 +01:00 [INF] Request finished HTTP/1.1 GET https://localhost:5210/ - - - 200 - text/html;+charset=utf-8 287.9887ms
2024-03-30 16:06:43.957 +01:00 [INF] Request starting HTTP/1.1 GET https://localhost:5210/ - -
2024-03-30 16:06:43.959 +01:00 [INF] Executing endpoint '/Index'
2024-03-30 16:06:43.960 +01:00 [INF] Route matched with {page = "/Index", area = ""}. Executing page /Index
2024-03-30 16:06:43.960 +01:00 [INF] Executing handler method WaterManagerUI.Pages.IndexModel.OnGetAsync - ModelState is "Valid"
2024-03-30 16:06:43.961 +01:00 [INF] Executed handler method OnGetAsync, returned result Microsoft.AspNetCore.Mvc.RazorPages.PageResult.
2024-03-30 16:06:43.998 +01:00 [INF] Executed page /Index in 38.3677ms
2024-03-30 16:06:43.998 +01:00 [INF] Executed endpoint '/Index'
2024-03-30 16:06:43.998 +01:00 [INF] Request finished HTTP/1.1 GET https://localhost:5210/ - - - 200 - text/html;+charset=utf-8 41.2945ms
2024-03-30 16:06:45.423 +01:00 [INF] Request starting HTTP/1.1 GET https://localhost:5210/Login - -
2024-03-30 16:06:45.428 +01:00 [INF] Executing endpoint '/Login'
2024-03-30 16:06:45.443 +01:00 [INF] Route matched with {page = "/Login", area = ""}. Executing page /Login
2024-03-30 16:06:45.459 +01:00 [INF] Executing an implicit handler method - ModelState is "Valid"
2024-03-30 16:06:45.459 +01:00 [INF] Executed an implicit handler method, returned result Microsoft.AspNetCore.Mvc.RazorPages.PageResult.
2024-03-30 16:06:45.496 +01:00 [INF] Executed page /Login in 52.4017ms
2024-03-30 16:06:45.496 +01:00 [INF] Executed endpoint '/Login'
2024-03-30 16:06:45.496 +01:00 [INF] Request finished HTTP/1.1 GET https://localhost:5210/Login - - - 200 - text/html;+charset=utf-8 73.5728ms
2024-03-30 16:06:50.617 +01:00 [INF] Request starting HTTP/1.1 POST https://localhost:5210/Login application/x-www-form-urlencoded 224
2024-03-30 16:06:50.620 +01:00 [INF] Executing endpoint '/Login'
2024-03-30 16:06:50.620 +01:00 [INF] Route matched with {page = "/Login", area = ""}. Executing page /Login
2024-03-30 16:06:50.651 +01:00 [INF] Executing handler method WaterManagerUI.Pages.Login.OnPostAsync - ModelState is "Valid"
2024-03-30 16:06:50.659 +01:00 [INF] Login user: admin
2024-03-30 16:06:52.128 +01:00 [INF] Login admin succsessful
2024-03-30 16:06:52.171 +01:00 [INF] User role SYSTEMADMIN
2024-03-30 16:06:52.174 +01:00 [INF] AuthenticationScheme: Identity.Application signed in.
2024-03-30 16:06:52.175 +01:00 [INF] Executed handler method OnPostAsync, returned result Microsoft.AspNetCore.Mvc.RedirectToPageResult.
2024-03-30 16:06:52.177 +01:00 [INF] Executing RedirectToPageResult, redirecting to /Admin/Admin.
2024-03-30 16:06:52.178 +01:00 [INF] Executed page /Login in 1558.1259ms
2024-03-30 16:06:52.179 +01:00 [INF] Executed endpoint '/Login'
2024-03-30 16:06:52.181 +01:00 [INF] Request finished HTTP/1.1 POST https://localhost:5210/Login application/x-www-form-urlencoded 224 - 302 0 - 1564.4651ms
2024-03-30 16:06:52.184 +01:00 [INF] Request starting HTTP/1.1 GET https://localhost:5210/Admin/Admin - -
2024-03-30 16:06:52.187 +01:00 [INF] Executing endpoint '/Admin/Admin'
2024-03-30 16:06:52.188 +01:00 [INF] Route matched with {page = "/Admin/Admin", area = ""}. Executing page /Admin/Admin
2024-03-30 16:06:52.188 +01:00 [INF] Executing handler method WaterManagerUI.Pages.AdminPage.OnGetAsync - ModelState is "Valid"
2024-03-30 16:06:52.192 +01:00 [INF] Start processing HTTP request GET http://localhost:8080/api/v1/admin/count
2024-03-30 16:06:52.193 +01:00 [INF] Sending HTTP request GET http://localhost:8080/api/v1/admin/count
2024-03-30 16:06:52.211 +01:00 [INF] Received HTTP response headers after 15.6297ms - 200
2024-03-30 16:06:52.211 +01:00 [INF] End processing HTTP request after 21.2334ms - 200
2024-03-30 16:06:52.214 +01:00 [INF] Executed handler method OnGetAsync, returned result .
2024-03-30 16:06:52.214 +01:00 [INF] Executing an implicit handler method - ModelState is "Valid"
2024-03-30 16:06:52.214 +01:00 [INF] Executed an implicit handler method, returned result Microsoft.AspNetCore.Mvc.RazorPages.PageResult.
2024-03-30 16:06:52.242 +01:00 [INF] Executed page /Admin/Admin in 53.532ms
2024-03-30 16:06:52.242 +01:00 [INF] Executed endpoint '/Admin/Admin'
2024-03-30 16:06:52.242 +01:00 [INF] Request finished HTTP/1.1 GET https://localhost:5210/Admin/Admin - - - 200 - text/html;+charset=utf-8 57.3980ms
2024-03-30 16:06:55.787 +01:00 [INF] Request starting HTTP/1.1 POST https://localhost:5210/Logout application/x-www-form-urlencoded 225
2024-03-30 16:06:55.789 +01:00 [INF] Executing endpoint '/Logout'
2024-03-30 16:06:55.792 +01:00 [INF] Route matched with {page = "/Logout", area = ""}. Executing page /Logout
2024-03-30 16:06:55.793 +01:00 [INF] Executing handler method WaterManagerUI.Pages.Logout.OnPostAsync - ModelState is "Valid"
2024-03-30 16:06:55.798 +01:00 [INF] AuthenticationScheme: Identity.Application signed out.
2024-03-30 16:06:55.798 +01:00 [INF] Executed handler method OnPostAsync, returned result Microsoft.AspNetCore.Mvc.RedirectToPageResult.
2024-03-30 16:06:55.798 +01:00 [INF] Executing RedirectToPageResult, redirecting to /Index.
2024-03-30 16:06:55.798 +01:00 [INF] Executed page /Logout in 6.2365ms
2024-03-30 16:06:55.799 +01:00 [INF] Executed endpoint '/Logout'
2024-03-30 16:06:55.799 +01:00 [INF] Request finished HTTP/1.1 POST https://localhost:5210/Logout application/x-www-form-urlencoded 225 - 302 0 - 12.3516ms
2024-03-30 16:06:55.803 +01:00 [INF] Request starting HTTP/1.1 GET https://localhost:5210/ - -
2024-03-30 16:06:55.804 +01:00 [INF] Executing endpoint '/Index'
2024-03-30 16:06:55.804 +01:00 [INF] Route matched with {page = "/Index", area = ""}. Executing page /Index
2024-03-30 16:06:55.804 +01:00 [INF] Executing handler method WaterManagerUI.Pages.IndexModel.OnGetAsync - ModelState is "Valid"
2024-03-30 16:06:55.804 +01:00 [INF] Executed handler method OnGetAsync, returned result Microsoft.AspNetCore.Mvc.RazorPages.PageResult.
2024-03-30 16:06:55.809 +01:00 [INF] Executed page /Index in 5.0056ms
2024-03-30 16:06:55.809 +01:00 [INF] Executed endpoint '/Index'
2024-03-30 16:06:55.809 +01:00 [INF] Request finished HTTP/1.1 GET https://localhost:5210/ - - - 200 - text/html;+charset=utf-8 6.1097ms
2024-03-30 16:07:01.333 +01:00 [INF] Application is shutting down...
2024-03-30 16:27:38.005 +01:00 [INF] User profile is available. Using '/Users/alessandrogattico/.aspnet/DataProtection-Keys' as key repository; keys will not be encrypted at rest.
2024-03-30 16:27:38.305 +01:00 [INF] Now listening on: https://localhost:5210
2024-03-30 16:27:38.306 +01:00 [INF] Application started. Press Ctrl+C to shut down.
2024-03-30 16:27:38.306 +01:00 [INF] Hosting environment: Development
2024-03-30 16:27:38.306 +01:00 [INF] Content root path: /Users/alessandrogattico/Documents/progetti/PissirProj/WaterManagerUI
2024-03-30 16:27:38.992 +01:00 [INF] Request starting HTTP/1.1 GET https://localhost:5210/ - -
2024-03-30 16:27:39.020 +01:00 [INF] Executing endpoint '/Index'
2024-03-30 16:27:39.045 +01:00 [INF] Route matched with {page = "/Index", area = ""}. Executing page /Index
2024-03-30 16:27:39.056 +01:00 [INF] Executing handler method WaterManagerUI.Pages.IndexModel.OnGetAsync - ModelState is "Valid"
2024-03-30 16:27:39.062 +01:00 [INF] Executed handler method OnGetAsync, returned result Microsoft.AspNetCore.Mvc.RazorPages.PageResult.
2024-03-30 16:27:39.323 +01:00 [INF] Executed page /Index in 275.6461ms
2024-03-30 16:27:39.323 +01:00 [INF] Executed endpoint '/Index'
2024-03-30 16:27:39.326 +01:00 [INF] Request finished HTTP/1.1 GET https://localhost:5210/ - - - 200 - text/html;+charset=utf-8 335.8526ms
2024-03-30 16:27:41.711 +01:00 [INF] Request starting HTTP/1.1 GET https://localhost:5210/Login - -
2024-03-30 16:27:41.714 +01:00 [INF] Executing endpoint '/Login'
2024-03-30 16:27:41.727 +01:00 [INF] Route matched with {page = "/Login", area = ""}. Executing page /Login
2024-03-30 16:27:41.734 +01:00 [INF] Executing an implicit handler method - ModelState is "Valid"
2024-03-30 16:27:41.734 +01:00 [INF] Executed an implicit handler method, returned result Microsoft.AspNetCore.Mvc.RazorPages.PageResult.
2024-03-30 16:27:41.767 +01:00 [INF] Executed page /Login in 40.1828ms
2024-03-30 16:27:41.768 +01:00 [INF] Executed endpoint '/Login'
2024-03-30 16:27:41.768 +01:00 [INF] Request finished HTTP/1.1 GET https://localhost:5210/Login - - - 200 - text/html;+charset=utf-8 57.1974ms
2024-03-30 16:27:45.172 +01:00 [INF] Request starting HTTP/1.1 POST https://localhost:5210/Login application/x-www-form-urlencoded 223
2024-03-30 16:27:45.177 +01:00 [INF] Executing endpoint '/Login'
2024-03-30 16:27:45.177 +01:00 [INF] Route matched with {page = "/Login", area = ""}. Executing page /Login
2024-03-30 16:27:45.210 +01:00 [INF] Executing handler method WaterManagerUI.Pages.Login.OnPostAsync - ModelState is "Valid"
2024-03-30 16:27:45.218 +01:00 [INF] Login user: micio
2024-03-30 16:27:45.308 +01:00 [INF] Executed handler method OnPostAsync, returned result Microsoft.AspNetCore.Mvc.RazorPages.PageResult.
2024-03-30 16:27:45.314 +01:00 [INF] Executed page /Login in 136.1947ms
2024-03-30 16:27:45.315 +01:00 [INF] Executed endpoint '/Login'
2024-03-30 16:27:45.320 +01:00 [INF] Request finished HTTP/1.1 POST https://localhost:5210/Login application/x-www-form-urlencoded 223 - 200 - text/html;+charset=utf-8 148.2125ms
2024-03-30 16:27:49.553 +01:00 [INF] Request starting HTTP/1.1 POST https://localhost:5210/Login application/x-www-form-urlencoded 224
2024-03-30 16:27:49.554 +01:00 [INF] Executing endpoint '/Login'
2024-03-30 16:27:49.554 +01:00 [INF] Route matched with {page = "/Login", area = ""}. Executing page /Login
2024-03-30 16:27:49.556 +01:00 [INF] Executing handler method WaterManagerUI.Pages.Login.OnPostAsync - ModelState is "Valid"
2024-03-30 16:27:49.556 +01:00 [INF] Login user: micio
2024-03-30 16:27:49.559 +01:00 [INF] Executed handler method OnPostAsync, returned result Microsoft.AspNetCore.Mvc.RazorPages.PageResult.
2024-03-30 16:27:49.564 +01:00 [INF] Executed page /Login in 9.2501ms
2024-03-30 16:27:49.564 +01:00 [INF] Executed endpoint '/Login'
2024-03-30 16:27:49.564 +01:00 [INF] Request finished HTTP/1.1 POST https://localhost:5210/Login application/x-www-form-urlencoded 224 - 200 - text/html;+charset=utf-8 10.5914ms
2024-03-30 16:46:08.601 +01:00 [INF] Application is shutting down...
2024-03-30 16:46:18.132 +01:00 [INF] User profile is available. Using '/Users/alessandrogattico/.aspnet/DataProtection-Keys' as key repository; keys will not be encrypted at rest.
2024-03-30 16:46:18.522 +01:00 [INF] Now listening on: https://localhost:5210
2024-03-30 16:46:18.524 +01:00 [INF] Application started. Press Ctrl+C to shut down.
2024-03-30 16:46:18.524 +01:00 [INF] Hosting environment: Development
2024-03-30 16:46:18.524 +01:00 [INF] Content root path: /Users/alessandrogattico/Documents/progetti/PissirProj/WaterManagerUI
2024-03-30 16:46:19.127 +01:00 [INF] Request starting HTTP/1.1 GET https://localhost:5210/ - -
2024-03-30 16:46:19.167 +01:00 [INF] Executing endpoint '/Index'
2024-03-30 16:46:19.198 +01:00 [INF] Route matched with {page = "/Index", area = ""}. Executing page /Index
2024-03-30 16:46:19.211 +01:00 [INF] Executing handler method WaterManagerUI.Pages.IndexModel.OnGetAsync - ModelState is "Valid"
2024-03-30 16:46:19.217 +01:00 [INF] Executed handler method OnGetAsync, returned result Microsoft.AspNetCore.Mvc.RazorPages.PageResult.
2024-03-30 16:46:19.542 +01:00 [INF] Executed page /Index in 340.5658ms
2024-03-30 16:46:19.542 +01:00 [INF] Executed endpoint '/Index'
2024-03-30 16:46:19.550 +01:00 [INF] Request finished HTTP/1.1 GET https://localhost:5210/ - - - 200 - text/html;+charset=utf-8 424.4200ms
2024-03-30 16:46:20.790 +01:00 [INF] Application is shutting down...
2024-03-30 16:46:22.091 +01:00 [INF] User profile is available. Using '/Users/alessandrogattico/.aspnet/DataProtection-Keys' as key repository; keys will not be encrypted at rest.
2024-03-30 16:46:22.445 +01:00 [INF] Now listening on: https://localhost:5210
2024-03-30 16:46:22.447 +01:00 [INF] Application started. Press Ctrl+C to shut down.
2024-03-30 16:46:22.447 +01:00 [INF] Hosting environment: Development
2024-03-30 16:46:22.447 +01:00 [INF] Content root path: /Users/alessandrogattico/Documents/progetti/PissirProj/WaterManagerUI
2024-03-30 16:46:23.035 +01:00 [INF] Request starting HTTP/1.1 GET https://localhost:5210/ - -
2024-03-30 16:46:23.067 +01:00 [INF] Executing endpoint '/Index'
2024-03-30 16:46:23.094 +01:00 [INF] Route matched with {page = "/Index", area = ""}. Executing page /Index
2024-03-30 16:46:23.107 +01:00 [INF] Executing handler method WaterManagerUI.Pages.IndexModel.OnGetAsync - ModelState is "Valid"
2024-03-30 16:46:23.113 +01:00 [INF] Executed handler method OnGetAsync, returned result Microsoft.AspNetCore.Mvc.RazorPages.PageResult.
2024-03-30 16:46:23.439 +01:00 [INF] Executed page /Index in 340.7453ms
2024-03-30 16:46:23.440 +01:00 [INF] Executed endpoint '/Index'
2024-03-30 16:46:23.448 +01:00 [INF] Request finished HTTP/1.1 GET https://localhost:5210/ - - - 200 - text/html;+charset=utf-8 414.4729ms
2024-03-30 16:47:39.705 +01:00 [INF] Request starting HTTP/1.1 GET https://localhost:5210/Login - -
2024-03-30 16:47:39.708 +01:00 [INF] Executing endpoint '/Login'
2024-03-30 16:47:39.726 +01:00 [INF] Route matched with {page = "/Login", area = ""}. Executing page /Login
2024-03-30 16:47:39.740 +01:00 [INF] Executing an implicit handler method - ModelState is "Valid"
2024-03-30 16:47:39.740 +01:00 [INF] Executed an implicit handler method, returned result Microsoft.AspNetCore.Mvc.RazorPages.PageResult.
2024-03-30 16:47:39.793 +01:00 [INF] Executed page /Login in 66.3472ms
2024-03-30 16:47:39.793 +01:00 [INF] Executed endpoint '/Login'
2024-03-30 16:47:39.793 +01:00 [INF] Request finished HTTP/1.1 GET https://localhost:5210/Login - - - 200 - text/html;+charset=utf-8 88.4026ms
2024-03-30 16:47:43.458 +01:00 [INF] Request starting HTTP/1.1 POST https://localhost:5210/Login application/x-www-form-urlencoded 223
2024-03-30 16:47:43.464 +01:00 [INF] Executing endpoint '/Login'
2024-03-30 16:47:43.464 +01:00 [INF] Route matched with {page = "/Login", area = ""}. Executing page /Login
2024-03-30 16:47:43.496 +01:00 [INF] Executing handler method WaterManagerUI.Pages.Login.OnPostAsync - ModelState is "Valid"
2024-03-30 16:47:43.504 +01:00 [INF] Login user: micio
2024-03-30 16:47:44.946 +01:00 [INF] Executed handler method OnPostAsync, returned result Microsoft.AspNetCore.Mvc.RazorPages.PageResult.
2024-03-30 16:47:44.954 +01:00 [INF] Executed page /Login in 1490.4692ms
2024-03-30 16:47:44.956 +01:00 [INF] Executed endpoint '/Login'
2024-03-30 16:47:44.963 +01:00 [INF] Request finished HTTP/1.1 POST https://localhost:5210/Login application/x-www-form-urlencoded 223 - 200 - text/html;+charset=utf-8 1504.4142ms
2024-03-30 16:47:54.067 +01:00 [INF] Request starting HTTP/1.1 POST https://localhost:5210/Login application/x-www-form-urlencoded 224
2024-03-30 16:47:54.069 +01:00 [INF] Executing endpoint '/Login'
2024-03-30 16:47:54.069 +01:00 [INF] Route matched with {page = "/Login", area = ""}. Executing page /Login
2024-03-30 16:47:54.071 +01:00 [INF] Executing handler method WaterManagerUI.Pages.Login.OnPostAsync - ModelState is "Valid"
2024-03-30 16:47:54.072 +01:00 [INF] Login user: micio
2024-03-30 16:47:54.314 +01:00 [INF] Login micio succsessful
2024-03-30 16:47:54.467 +01:00 [INF] User role GESTOREAZIENDA
2024-03-30 16:47:54.471 +01:00 [INF] AuthenticationScheme: Identity.Application signed in.
2024-03-30 16:47:54.471 +01:00 [INF] Executed handler method OnPostAsync, returned result Microsoft.AspNetCore.Mvc.RedirectToPageResult.
2024-03-30 16:47:54.471 +01:00 [INF] Executing RedirectToPageResult, redirecting to /Azienda/GestoreAzienda.
2024-03-30 16:47:54.472 +01:00 [INF] Executed page /Login in 402.364ms
2024-03-30 16:47:54.472 +01:00 [INF] Executed endpoint '/Login'
2024-03-30 16:47:54.472 +01:00 [INF] Request finished HTTP/1.1 POST https://localhost:5210/Login application/x-www-form-urlencoded 224 - 302 0 - 405.8919ms
2024-03-30 16:47:54.476 +01:00 [INF] Request starting HTTP/1.1 GET https://localhost:5210/Azienda/GestoreAzienda - -
2024-03-30 16:47:54.479 +01:00 [INF] Executing endpoint '/Azienda/GestoreAzienda'
2024-03-30 16:47:54.482 +01:00 [INF] Route matched with {page = "/Azienda/GestoreAzienda", area = ""}. Executing page /Azienda/GestoreAzienda
2024-03-30 16:47:54.482 +01:00 [INF] Executing handler method WaterManagerUI.Pages.Azienda.GestoreAzienda.OnGetAsync - ModelState is "Valid"
2024-03-30 16:47:54.487 +01:00 [INF] Start processing HTTP request GET http://localhost:8080/api/v1/user/get/ga/2
2024-03-30 16:47:54.489 +01:00 [INF] Sending HTTP request GET http://localhost:8080/api/v1/user/get/ga/2
2024-03-30 16:47:54.564 +01:00 [INF] Received HTTP response headers after 72.1951ms - 200
2024-03-30 16:47:54.565 +01:00 [INF] End processing HTTP request after 80.3085ms - 200
2024-03-30 16:47:54.566 +01:00 [INF] Executed handler method OnGetAsync, returned result .
2024-03-30 16:47:54.566 +01:00 [INF] Executing an implicit handler method - ModelState is "Valid"
2024-03-30 16:47:54.566 +01:00 [INF] Executed an implicit handler method, returned result Microsoft.AspNetCore.Mvc.RazorPages.PageResult.
2024-03-30 16:47:54.600 +01:00 [INF] Executed page /Azienda/GestoreAzienda in 117.4366ms
2024-03-30 16:47:54.600 +01:00 [INF] Executed endpoint '/Azienda/GestoreAzienda'
2024-03-30 16:47:54.600 +01:00 [INF] Request finished HTTP/1.1 GET https://localhost:5210/Azienda/GestoreAzienda - - - 200 - text/html;+charset=utf-8 123.6157ms
2024-03-30 16:47:57.639 +01:00 [INF] Request starting HTTP/1.1 GET https://localhost:5210/Azienda/GestoreAzienda - -
2024-03-30 16:47:57.642 +01:00 [INF] Executing endpoint '/Azienda/GestoreAzienda'
2024-03-30 16:47:57.643 +01:00 [INF] Route matched with {page = "/Azienda/GestoreAzienda", area = ""}. Executing page /Azienda/GestoreAzienda
2024-03-30 16:47:57.643 +01:00 [INF] Executing handler method WaterManagerUI.Pages.Azienda.GestoreAzienda.OnGetAsync - ModelState is "Valid"
2024-03-30 16:47:57.643 +01:00 [INF] Start processing HTTP request GET http://localhost:8080/api/v1/user/get/ga/2
2024-03-30 16:47:57.643 +01:00 [INF] Sending HTTP request GET http://localhost:8080/api/v1/user/get/ga/2
2024-03-30 16:47:57.756 +01:00 [INF] Received HTTP response headers after 112.1978ms - 200
2024-03-30 16:47:57.756 +01:00 [INF] End processing HTTP request after 112.5692ms - 200
2024-03-30 16:47:57.757 +01:00 [INF] Executed handler method OnGetAsync, returned result .
2024-03-30 16:47:57.757 +01:00 [INF] Executing an implicit handler method - ModelState is "Valid"
2024-03-30 16:47:57.757 +01:00 [INF] Executed an implicit handler method, returned result Microsoft.AspNetCore.Mvc.RazorPages.PageResult.
2024-03-30 16:47:57.760 +01:00 [INF] Executed page /Azienda/GestoreAzienda in 117.5635ms
2024-03-30 16:47:57.760 +01:00 [INF] Executed endpoint '/Azienda/GestoreAzienda'
2024-03-30 16:47:57.761 +01:00 [INF] Request finished HTTP/1.1 GET https://localhost:5210/Azienda/GestoreAzienda - - - 200 - text/html;+charset=utf-8 121.8073ms
2024-03-30 16:47:58.389 +01:00 [INF] Request starting HTTP/1.1 GET https://localhost:5210/Azienda/Visualizza/campagna/VisualizzaCampagne?aziendaId=2 - -
2024-03-30 16:47:58.392 +01:00 [INF] Executing endpoint '/Azienda/Visualizza/campagna/VisualizzaCampagne'
2024-03-30 16:47:58.397 +01:00 [INF] Route matched with {page = "/Azienda/Visualizza/campagna/VisualizzaCampagne", area = ""}. Executing page /Azienda/Visualizza/campagna/VisualizzaCampagne
2024-03-30 16:47:58.410 +01:00 [INF] Executing handler method WaterManagerUI.Pages.VisualizzaCampagne.OnGetAsync - ModelState is "Valid"
2024-03-30 16:47:58.413 +01:00 [INF] Start processing HTTP request GET http://localhost:8080/api/v1/azienda/get/2
2024-03-30 16:47:58.414 +01:00 [INF] Sending HTTP request GET http://localhost:8080/api/v1/azienda/get/2
2024-03-30 16:47:58.492 +01:00 [INF] Received HTTP response headers after 78.1371ms - 200
2024-03-30 16:47:58.492 +01:00 [INF] End processing HTTP request after 78.7975ms - 200
2024-03-30 16:47:58.494 +01:00 [INF] Executed handler method OnGetAsync, returned result .
2024-03-30 16:47:58.494 +01:00 [INF] Executing an implicit handler method - ModelState is "Valid"
2024-03-30 16:47:58.495 +01:00 [INF] Executed an implicit handler method, returned result Microsoft.AspNetCore.Mvc.RazorPages.PageResult.
2024-03-30 16:47:58.520 +01:00 [INF] Executed page /Azienda/Visualizza/campagna/VisualizzaCampagne in 122.1117ms
2024-03-30 16:47:58.520 +01:00 [INF] Executed endpoint '/Azienda/Visualizza/campagna/VisualizzaCampagne'
2024-03-30 16:47:58.520 +01:00 [INF] Request finished HTTP/1.1 GET https://localhost:5210/Azienda/Visualizza/campagna/VisualizzaCampagne?aziendaId=2 - - - 200 - text/html;+charset=utf-8 130.5806ms
2024-03-30 16:47:59.830 +01:00 [INF] Request starting HTTP/1.1 GET https://localhost:5210/Azienda/Visualizza/campagna/VisualizzaCampagna?campagnaId=4 - -
2024-03-30 16:47:59.834 +01:00 [INF] Executing endpoint '/Azienda/Visualizza/campagna/VisualizzaCampagna'
2024-03-30 16:47:59.837 +01:00 [INF] Route matched with {page = "/Azienda/Visualizza/campagna/VisualizzaCampagna", area = ""}. Executing page /Azienda/Visualizza/campagna/VisualizzaCampagna
2024-03-30 16:47:59.839 +01:00 [INF] Executing handler method WaterManagerUI.Pages.Azienda.Visualizza.campagna.VisualizzaCampagna.OnGetAsync - ModelState is "Valid"
2024-03-30 16:47:59.841 +01:00 [INF] Start processing HTTP request GET http://localhost:8080/api/v1/azienda/campagna/get/4
2024-03-30 16:47:59.842 +01:00 [INF] Sending HTTP request GET http://localhost:8080/api/v1/azienda/campagna/get/4
2024-03-30 16:47:59.891 +01:00 [INF] Received HTTP response headers after 48.9032ms - 200
2024-03-30 16:47:59.891 +01:00 [INF] End processing HTTP request after 49.3861ms - 200
2024-03-30 16:47:59.892 +01:00 [INF] Executed handler method OnGetAsync, returned result .
2024-03-30 16:47:59.892 +01:00 [INF] Executing an implicit handler method - ModelState is "Valid"
2024-03-30 16:47:59.892 +01:00 [INF] Executed an implicit handler method, returned result Microsoft.AspNetCore.Mvc.RazorPages.PageResult.
2024-03-30 16:47:59.925 +01:00 [INF] Executed page /Azienda/Visualizza/campagna/VisualizzaCampagna in 87.2621ms
2024-03-30 16:47:59.925 +01:00 [INF] Executed endpoint '/Azienda/Visualizza/campagna/VisualizzaCampagna'
2024-03-30 16:47:59.925 +01:00 [INF] Request finished HTTP/1.1 GET https://localhost:5210/Azienda/Visualizza/campagna/VisualizzaCampagna?campagnaId=4 - - - 200 - text/html;+charset=utf-8 94.9384ms
2024-03-30 16:48:08.919 +01:00 [INF] Request starting HTTP/1.1 GET https://localhost:5210/Azienda/Visualizza/campagna/VisualizzaCampagne?aziendaId=2 - -
2024-03-30 16:48:08.920 +01:00 [INF] Executing endpoint '/Azienda/Visualizza/campagna/VisualizzaCampagne'
2024-03-30 16:48:08.920 +01:00 [INF] Route matched with {page = "/Azienda/Visualizza/campagna/VisualizzaCampagne", area = ""}. Executing page /Azienda/Visualizza/campagna/VisualizzaCampagne
2024-03-30 16:48:08.921 +01:00 [INF] Executing handler method WaterManagerUI.Pages.VisualizzaCampagne.OnGetAsync - ModelState is "Valid"
2024-03-30 16:48:08.921 +01:00 [INF] Start processing HTTP request GET http://localhost:8080/api/v1/azienda/get/2
2024-03-30 16:48:08.921 +01:00 [INF] Sending HTTP request GET http://localhost:8080/api/v1/azienda/get/2
2024-03-30 16:48:09.007 +01:00 [INF] Received HTTP response headers after 86.2153ms - 200
2024-03-30 16:48:09.007 +01:00 [INF] End processing HTTP request after 86.469ms - 200
2024-03-30 16:48:09.008 +01:00 [INF] Executed handler method OnGetAsync, returned result .
2024-03-30 16:48:09.008 +01:00 [INF] Executing an implicit handler method - ModelState is "Valid"
2024-03-30 16:48:09.008 +01:00 [INF] Executed an implicit handler method, returned result Microsoft.AspNetCore.Mvc.RazorPages.PageResult.
2024-03-30 16:48:09.009 +01:00 [INF] Executed page /Azienda/Visualizza/campagna/VisualizzaCampagne in 88.9489ms
2024-03-30 16:48:09.009 +01:00 [INF] Executed endpoint '/Azienda/Visualizza/campagna/VisualizzaCampagne'
2024-03-30 16:48:09.009 +01:00 [INF] Request finished HTTP/1.1 GET https://localhost:5210/Azienda/Visualizza/campagna/VisualizzaCampagne?aziendaId=2 - - - 200 - text/html;+charset=utf-8 90.3450ms
2024-03-30 16:48:12.325 +01:00 [INF] Request starting HTTP/1.1 GET https://localhost:5210/Azienda/Visualizza/campagna/VisualizzaCampagna?campagnaId=4 - -
2024-03-30 16:48:12.326 +01:00 [INF] Executing endpoint '/Azienda/Visualizza/campagna/VisualizzaCampagna'
2024-03-30 16:48:12.326 +01:00 [INF] Route matched with {page = "/Azienda/Visualizza/campagna/VisualizzaCampagna", area = ""}. Executing page /Azienda/Visualizza/campagna/VisualizzaCampagna
2024-03-30 16:48:12.326 +01:00 [INF] Executing handler method WaterManagerUI.Pages.Azienda.Visualizza.campagna.VisualizzaCampagna.OnGetAsync - ModelState is "Valid"
2024-03-30 16:48:12.326 +01:00 [INF] Start processing HTTP request GET http://localhost:8080/api/v1/azienda/campagna/get/4
2024-03-30 16:48:12.326 +01:00 [INF] Sending HTTP request GET http://localhost:8080/api/v1/azienda/campagna/get/4
2024-03-30 16:48:12.382 +01:00 [INF] Received HTTP response headers after 55.7515ms - 200
2024-03-30 16:48:12.382 +01:00 [INF] End processing HTTP request after 56.0589ms - 200
2024-03-30 16:48:12.383 +01:00 [INF] Executed handler method OnGetAsync, returned result .
2024-03-30 16:48:12.383 +01:00 [INF] Executing an implicit handler method - ModelState is "Valid"
2024-03-30 16:48:12.383 +01:00 [INF] Executed an implicit handler method, returned result Microsoft.AspNetCore.Mvc.RazorPages.PageResult.
2024-03-30 16:48:12.386 +01:00 [INF] Executed page /Azienda/Visualizza/campagna/VisualizzaCampagna in 59.7314ms
2024-03-30 16:48:12.386 +01:00 [INF] Executed endpoint '/Azienda/Visualizza/campagna/VisualizzaCampagna'
2024-03-30 16:48:12.386 +01:00 [INF] Request finished HTTP/1.1 GET https://localhost:5210/Azienda/Visualizza/campagna/VisualizzaCampagna?campagnaId=4 - - - 200 - text/html;+charset=utf-8 61.1747ms
2024-03-30 16:48:15.294 +01:00 [INF] Request starting HTTP/1.1 GET https://localhost:5210/Azienda/Visualizza/campagna/campo/VisualizzaCampo?campoId=4 - -
2024-03-30 16:48:15.295 +01:00 [INF] Executing endpoint '/Azienda/Visualizza/campagna/campo/VisualizzaCampo'
2024-03-30 16:48:15.299 +01:00 [INF] Route matched with {page = "/Azienda/Visualizza/campagna/campo/VisualizzaCampo", area = ""}. Executing page /Azienda/Visualizza/campagna/campo/VisualizzaCampo
2024-03-30 16:48:15.300 +01:00 [INF] Executing handler method WaterManagerUI.Pages.VisualizzaCampo.OnGetAsync - ModelState is "Valid"
2024-03-30 16:48:15.302 +01:00 [INF] Start processing HTTP request GET http://localhost:8080/api/v1/azienda/campo/get/4
2024-03-30 16:48:15.302 +01:00 [INF] Sending HTTP request GET http://localhost:8080/api/v1/azienda/campo/get/4
2024-03-30 16:48:15.347 +01:00 [INF] Received HTTP response headers after 44.9327ms - 200
2024-03-30 16:48:15.347 +01:00 [INF] End processing HTTP request after 45.3012ms - 200
2024-03-30 16:48:15.348 +01:00 [INF] Executed handler method OnGetAsync, returned result .
2024-03-30 16:48:15.348 +01:00 [INF] Executing an implicit handler method - ModelState is "Valid"
2024-03-30 16:48:15.348 +01:00 [INF] Executed an implicit handler method, returned result Microsoft.AspNetCore.Mvc.RazorPages.PageResult.
2024-03-30 16:48:15.371 +01:00 [INF] Executed page /Azienda/Visualizza/campagna/campo/VisualizzaCampo in 72.4592ms
2024-03-30 16:48:15.371 +01:00 [INF] Executed endpoint '/Azienda/Visualizza/campagna/campo/VisualizzaCampo'
2024-03-30 16:48:15.372 +01:00 [INF] Request finished HTTP/1.1 GET https://localhost:5210/Azienda/Visualizza/campagna/campo/VisualizzaCampo?campoId=4 - - - 200 - text/html;+charset=utf-8 77.5350ms
2024-03-30 16:48:15.381 +01:00 [INF] Request starting HTTP/1.1 GET https://localhost:5210/css/Visualizza.css - -
2024-03-30 16:48:15.383 +01:00 [INF] Request finished HTTP/1.1 GET https://localhost:5210/css/Visualizza.css - - - 404 0 - 1.6822ms
2024-03-30 16:48:18.549 +01:00 [INF] Request starting HTTP/1.1 GET https://localhost:5210/Azienda/Visualizza/campagna/campo/coltivazione/VisualizzaColtivazioni?campoId=4 - -
2024-03-30 16:48:18.552 +01:00 [INF] Executing endpoint '/Azienda/Visualizza/campagna/campo/coltivazione/VisualizzaColtivazioni'
2024-03-30 16:48:18.555 +01:00 [INF] Route matched with {page = "/Azienda/Visualizza/campagna/campo/coltivazione/VisualizzaColtivazioni", area = ""}. Executing page /Azienda/Visualizza/campagna/campo/coltivazione/VisualizzaColtivazioni
2024-03-30 16:48:18.556 +01:00 [INF] Executing handler method WaterManagerUI.Pages.VisualizzaColtivazioni.OnGetAsync - ModelState is "Valid"
2024-03-30 16:48:18.557 +01:00 [INF] Start processing HTTP request GET http://localhost:8080/api/v1/azienda/campo/get/4
2024-03-30 16:48:18.558 +01:00 [INF] Sending HTTP request GET http://localhost:8080/api/v1/azienda/campo/get/4
2024-03-30 16:48:18.599 +01:00 [INF] Received HTTP response headers after 41.3884ms - 200
2024-03-30 16:48:18.599 +01:00 [INF] End processing HTTP request after 41.8135ms - 200
2024-03-30 16:48:18.600 +01:00 [INF] Executed handler method OnGetAsync, returned result .
2024-03-30 16:48:18.601 +01:00 [INF] Executing an implicit handler method - ModelState is "Valid"
2024-03-30 16:48:18.601 +01:00 [INF] Executed an implicit handler method, returned result Microsoft.AspNetCore.Mvc.RazorPages.PageResult.
2024-03-30 16:48:18.630 +01:00 [INF] Executed page /Azienda/Visualizza/campagna/campo/coltivazione/VisualizzaColtivazioni in 74.8928ms
2024-03-30 16:48:18.630 +01:00 [INF] Executed endpoint '/Azienda/Visualizza/campagna/campo/coltivazione/VisualizzaColtivazioni'
2024-03-30 16:48:18.630 +01:00 [INF] Request finished HTTP/1.1 GET https://localhost:5210/Azienda/Visualizza/campagna/campo/coltivazione/VisualizzaColtivazioni?campoId=4 - - - 200 - text/html;+charset=utf-8 81.5847ms
2024-03-30 16:48:18.651 +01:00 [INF] Request starting HTTP/1.1 GET https://localhost:5210/css/Visualizza.css - -
2024-03-30 16:48:18.652 +01:00 [INF] Request finished HTTP/1.1 GET https://localhost:5210/css/Visualizza.css - - - 404 0 - 1.4684ms
2024-03-30 16:48:19.733 +01:00 [INF] Request starting HTTP/1.1 GET https://localhost:5210/Azienda/Visualizza/campagna/campo/VisualizzaCampo?campoId=4 - -
2024-03-30 16:48:19.734 +01:00 [INF] Executing endpoint '/Azienda/Visualizza/campagna/campo/VisualizzaCampo'
2024-03-30 16:48:19.734 +01:00 [INF] Route matched with {page = "/Azienda/Visualizza/campagna/campo/VisualizzaCampo", area = ""}. Executing page /Azienda/Visualizza/campagna/campo/VisualizzaCampo
2024-03-30 16:48:19.734 +01:00 [INF] Executing handler method WaterManagerUI.Pages.VisualizzaCampo.OnGetAsync - ModelState is "Valid"
2024-03-30 16:48:19.734 +01:00 [INF] Start processing HTTP request GET http://localhost:8080/api/v1/azienda/campo/get/4
2024-03-30 16:48:19.735 +01:00 [INF] Sending HTTP request GET http://localhost:8080/api/v1/azienda/campo/get/4
2024-03-30 16:48:19.779 +01:00 [INF] Received HTTP response headers after 44.4775ms - 200
2024-03-30 16:48:19.779 +01:00 [INF] End processing HTTP request after 44.8512ms - 200
2024-03-30 16:48:19.780 +01:00 [INF] Executed handler method OnGetAsync, returned result .
2024-03-30 16:48:19.780 +01:00 [INF] Executing an implicit handler method - ModelState is "Valid"
2024-03-30 16:48:19.780 +01:00 [INF] Executed an implicit handler method, returned result Microsoft.AspNetCore.Mvc.RazorPages.PageResult.
2024-03-30 16:48:19.783 +01:00 [INF] Executed page /Azienda/Visualizza/campagna/campo/VisualizzaCampo in 48.9904ms
2024-03-30 16:48:19.783 +01:00 [INF] Executed endpoint '/Azienda/Visualizza/campagna/campo/VisualizzaCampo'
2024-03-30 16:48:19.785 +01:00 [INF] Request finished HTTP/1.1 GET https://localhost:5210/Azienda/Visualizza/campagna/campo/VisualizzaCampo?campoId=4 - - - 200 - text/html;+charset=utf-8 50.5280ms
2024-03-30 16:48:26.055 +01:00 [INF] Application is shutting down...
